[35m[1mConsolidate compiler generated dependencies of target rmw_gurumdds_cpp[0m
[  2%] [32mBuilding CXX object CMakeFiles/rmw_gurumdds_cpp.dir/src/rmw_client.cpp.o[0m
[01m[K/home/gurum/gurumnet/rmw_gurumdds/rmw_gurumdds_cpp/src/rmw_client.cpp:[m[K In function ‘[01m[Krmw_client_t* rmw_create_client(const rmw_node_t*, const rosidl_service_type_support_t*, const char*, const rmw_qos_profile_t*)[m[K’:
[01m[K/home/gurum/gurumnet/rmw_gurumdds/rmw_gurumdds_cpp/src/rmw_client.cpp:279:38:[m[K [01;31m[Kerror: [m[Kcannot convert ‘[01m[Krmw_qos_profile_t[m[K’ {aka ‘[01m[Krmw_qos_profile_s[m[K’} to ‘[01m[Kconst rmw_qos_profile_t*[m[K’ {aka ‘[01m[Kconst rmw_qos_profile_s*[m[K’}
  279 |   if (!get_datawriter_qos(publisher, [01;31m[Kadapted_qos_policies[m[K, &datawriter_qos)) {
      |                                      [01;31m[K^~~~~~~~~~~~~~~~~~~~[m[K
      |                                      [01;31m[K|[m[K
      |                                      [01;31m[Krmw_qos_profile_t {aka rmw_qos_profile_s}[m[K
In file included from [01m[K/home/gurum/gurumnet/rmw_gurumdds/rmw_gurumdds_cpp/src/rmw_client.cpp:42[m[K:
[01m[K/home/gurum/gurumnet/rmw_gurumdds/rmw_gurumdds_cpp/include/rmw_gurumdds_cpp/qos.hpp:32:29:[m[K [01;36m[Knote: [m[K  initializing argument 2 of ‘[01m[Kbool get_datawriter_qos(dds_Publisher*, const rmw_qos_profile_t*, const rosidl_type_hash_t&, dds_DataWriterQos*)[m[K’
   32 |   [01;36m[Kconst rmw_qos_profile_t * qos_profile[m[K,
      |   [01;36m[K~~~~~~~~~~~~~~~~~~~~~~~~~~^~~~~~~~~~~[m[K
[01m[K/home/gurum/gurumnet/rmw_gurumdds/rmw_gurumdds_cpp/src/rmw_client.cpp:299:39:[m[K [01;31m[Kerror: [m[Kcannot convert ‘[01m[Krmw_qos_profile_t[m[K’ {aka ‘[01m[Krmw_qos_profile_s[m[K’} to ‘[01m[Kconst rmw_qos_profile_t*[m[K’ {aka ‘[01m[Kconst rmw_qos_profile_s*[m[K’}
  299 |   if (!get_datareader_qos(subscriber, [01;31m[Kadapted_qos_policies[m[K, &datareader_qos)) {
      |                                       [01;31m[K^~~~~~~~~~~~~~~~~~~~[m[K
      |                                       [01;31m[K|[m[K
      |                                       [01;31m[Krmw_qos_profile_t {aka rmw_qos_profile_s}[m[K
In file included from [01m[K/home/gurum/gurumnet/rmw_gurumdds/rmw_gurumdds_cpp/src/rmw_client.cpp:42[m[K:
[01m[K/home/gurum/gurumnet/rmw_gurumdds/rmw_gurumdds_cpp/include/rmw_gurumdds_cpp/qos.hpp:40:29:[m[K [01;36m[Knote: [m[K  initializing argument 2 of ‘[01m[Kbool get_datareader_qos(dds_Subscriber*, const rmw_qos_profile_t*, const rosidl_type_hash_t&, dds_DataReaderQos*)[m[K’
   40 |   [01;36m[Kconst rmw_qos_profile_t * qos_profile[m[K,
      |   [01;36m[K~~~~~~~~~~~~~~~~~~~~~~~~~~^~~~~~~~~~~[m[K
gmake[2]: *** [CMakeFiles/rmw_gurumdds_cpp.dir/build.make:188: CMakeFiles/rmw_gurumdds_cpp.dir/src/rmw_client.cpp.o] Error 1
gmake[1]: *** [CMakeFiles/Makefile2:137: CMakeFiles/rmw_gurumdds_cpp.dir/all] Error 2
gmake: *** [Makefile:146: all] Error 2
