[100%] Built target rmw_gurumdds_cpp
-- Install configuration: "Debug"
-- Execute custom install script
-- Up-to-date symlink: /home/gurum/gurumnet/rmw_gurumdds/install/rmw_gurumdds_cpp/share/rmw_gurumdds_cpp/environment/library_path.sh
-- Up-to-date symlink: /home/gurum/gurumnet/rmw_gurumdds/install/rmw_gurumdds_cpp/share/rmw_gurumdds_cpp/environment/library_path.dsv
-- Up-to-date symlink: /home/gurum/gurumnet/rmw_gurumdds/install/rmw_gurumdds_cpp/share/ament_index/resource_index/rmw_typesupport_c/rmw_gurumdds_cpp
-- Up-to-date symlink: /home/gurum/gurumnet/rmw_gurumdds/install/rmw_gurumdds_cpp/share/ament_index/resource_index/rmw_typesupport_cpp/rmw_gurumdds_cpp
-- Up-to-date symlink: /home/gurum/gurumnet/rmw_gurumdds/install/rmw_gurumdds_cpp/share/ament_index/resource_index/rmw_typesupport/rmw_gurumdds_cpp
-- Up-to-date symlink: /home/gurum/gurumnet/rmw_gurumdds/install/rmw_gurumdds_cpp/share/ament_index/resource_index/package_run_dependencies/rmw_gurumdds_cpp
-- Up-to-date symlink: /home/gurum/gurumnet/rmw_gurumdds/install/rmw_gurumdds_cpp/share/ament_index/resource_index/parent_prefix_path/rmw_gurumdds_cpp
-- Up-to-date symlink: /home/gurum/gurumnet/rmw_gurumdds/install/rmw_gurumdds_cpp/share/rmw_gurumdds_cpp/environment/ament_prefix_path.sh
-- Up-to-date symlink: /home/gurum/gurumnet/rmw_gurumdds/install/rmw_gurumdds_cpp/share/rmw_gurumdds_cpp/environment/ament_prefix_path.dsv
-- Up-to-date symlink: /home/gurum/gurumnet/rmw_gurumdds/install/rmw_gurumdds_cpp/share/rmw_gurumdds_cpp/environment/path.sh
-- Up-to-date symlink: /home/gurum/gurumnet/rmw_gurumdds/install/rmw_gurumdds_cpp/share/rmw_gurumdds_cpp/environment/path.dsv
-- Up-to-date symlink: /home/gurum/gurumnet/rmw_gurumdds/install/rmw_gurumdds_cpp/share/rmw_gurumdds_cpp/local_setup.bash
-- Up-to-date symlink: /home/gurum/gurumnet/rmw_gurumdds/install/rmw_gurumdds_cpp/share/rmw_gurumdds_cpp/local_setup.sh
-- Up-to-date symlink: /home/gurum/gurumnet/rmw_gurumdds/install/rmw_gurumdds_cpp/share/rmw_gurumdds_cpp/local_setup.zsh
-- Up-to-date symlink: /home/gurum/gurumnet/rmw_gurumdds/install/rmw_gurumdds_cpp/share/rmw_gurumdds_cpp/local_setup.dsv
-- Up-to-date symlink: /home/gurum/gurumnet/rmw_gurumdds/install/rmw_gurumdds_cpp/share/rmw_gurumdds_cpp/package.dsv
-- Up-to-date symlink: /home/gurum/gurumnet/rmw_gurumdds/install/rmw_gurumdds_cpp/share/ament_index/resource_index/packages/rmw_gurumdds_cpp
-- Up-to-date symlink: /home/gurum/gurumnet/rmw_gurumdds/install/rmw_gurumdds_cpp/share/rmw_gurumdds_cpp/cmake/ament_cmake_export_include_directories-extras.cmake
-- Up-to-date symlink: /home/gurum/gurumnet/rmw_gurumdds/install/rmw_gurumdds_cpp/share/rmw_gurumdds_cpp/cmake/ament_cmake_export_libraries-extras.cmake
-- Up-to-date symlink: /home/gurum/gurumnet/rmw_gurumdds/install/rmw_gurumdds_cpp/share/rmw_gurumdds_cpp/cmake/ament_cmake_export_dependencies-extras.cmake
-- Up-to-date symlink: /home/gurum/gurumnet/rmw_gurumdds/install/rmw_gurumdds_cpp/share/rmw_gurumdds_cpp/cmake/rmw_gurumdds_cpp-extras.cmake
-- Up-to-date symlink: /home/gurum/gurumnet/rmw_gurumdds/install/rmw_gurumdds_cpp/share/rmw_gurumdds_cpp/cmake/rmw_gurumdds_cppConfig.cmake
-- Up-to-date symlink: /home/gurum/gurumnet/rmw_gurumdds/install/rmw_gurumdds_cpp/share/rmw_gurumdds_cpp/cmake/rmw_gurumdds_cppConfig-version.cmake
-- Up-to-date symlink: /home/gurum/gurumnet/rmw_gurumdds/install/rmw_gurumdds_cpp/share/rmw_gurumdds_cpp/package.xml
-- Up-to-date symlink: /home/gurum/gurumnet/rmw_gurumdds/install/rmw_gurumdds_cpp/include/rmw_gurumdds_cpp/context_listener_thread.hpp
-- Up-to-date symlink: /home/gurum/gurumnet/rmw_gurumdds/install/rmw_gurumdds_cpp/include/rmw_gurumdds_cpp/dds_include.hpp
-- Up-to-date symlink: /home/gurum/gurumnet/rmw_gurumdds/install/rmw_gurumdds_cpp/include/rmw_gurumdds_cpp/demangle.hpp
-- Up-to-date symlink: /home/gurum/gurumnet/rmw_gurumdds/install/rmw_gurumdds_cpp/include/rmw_gurumdds_cpp/event_converter.hpp
-- Up-to-date symlink: /home/gurum/gurumnet/rmw_gurumdds/install/rmw_gurumdds_cpp/include/rmw_gurumdds_cpp/get_entities.hpp
-- Up-to-date symlink: /home/gurum/gurumnet/rmw_gurumdds/install/rmw_gurumdds_cpp/include/rmw_gurumdds_cpp/gid.hpp
-- Up-to-date symlink: /home/gurum/gurumnet/rmw_gurumdds/install/rmw_gurumdds_cpp/include/rmw_gurumdds_cpp/graph_cache.hpp
-- Up-to-date symlink: /home/gurum/gurumnet/rmw_gurumdds/install/rmw_gurumdds_cpp/include/rmw_gurumdds_cpp/guid.hpp
-- Up-to-date symlink: /home/gurum/gurumnet/rmw_gurumdds/install/rmw_gurumdds_cpp/include/rmw_gurumdds_cpp/identifier.hpp
-- Up-to-date symlink: /home/gurum/gurumnet/rmw_gurumdds/install/rmw_gurumdds_cpp/include/rmw_gurumdds_cpp/names_and_types_helpers.hpp
-- Up-to-date symlink: /home/gurum/gurumnet/rmw_gurumdds/install/rmw_gurumdds_cpp/include/rmw_gurumdds_cpp/namespace_prefix.hpp
-- Up-to-date symlink: /home/gurum/gurumnet/rmw_gurumdds/install/rmw_gurumdds_cpp/include/rmw_gurumdds_cpp/qos.hpp
-- Up-to-date symlink: /home/gurum/gurumnet/rmw_gurumdds/install/rmw_gurumdds_cpp/include/rmw_gurumdds_cpp/rmw_context_impl.hpp
-- Up-to-date symlink: /home/gurum/gurumnet/rmw_gurumdds/install/rmw_gurumdds_cpp/include/rmw_gurumdds_cpp/rmw_dynamic_message_type_support.hpp
-- Up-to-date symlink: /home/gurum/gurumnet/rmw_gurumdds/install/rmw_gurumdds_cpp/include/rmw_gurumdds_cpp/rmw_publisher.hpp
-- Up-to-date symlink: /home/gurum/gurumnet/rmw_gurumdds/install/rmw_gurumdds_cpp/include/rmw_gurumdds_cpp/rmw_qos.hpp
-- Up-to-date symlink: /home/gurum/gurumnet/rmw_gurumdds/install/rmw_gurumdds_cpp/include/rmw_gurumdds_cpp/rmw_subscription.hpp
-- Up-to-date symlink: /home/gurum/gurumnet/rmw_gurumdds/install/rmw_gurumdds_cpp/include/rmw_gurumdds_cpp/rmw_wait.hpp
-- Up-to-date symlink: /home/gurum/gurumnet/rmw_gurumdds/install/rmw_gurumdds_cpp/include/rmw_gurumdds_cpp/serialization_format.hpp
-- Up-to-date symlink: /home/gurum/gurumnet/rmw_gurumdds/install/rmw_gurumdds_cpp/include/rmw_gurumdds_cpp/types.hpp
-- Up-to-date symlink: /home/gurum/gurumnet/rmw_gurumdds/install/rmw_gurumdds_cpp/include/rmw_gurumdds_cpp/visibility_control.h
-- Up-to-date symlink: /home/gurum/gurumnet/rmw_gurumdds/install/rmw_gurumdds_cpp/lib/librmw_gurumdds_cpp.so
