[0.009s] Invoking command in '/home/gurum/ros2_iron/src/ros2/rmw_gurumdds/build/gurumdds_cmake_module': _=/usr/bin/env /usr/bin/cmake --build /home/gurum/ros2_iron/src/ros2/rmw_gurumdds/build/gurumdds_cmake_module -- -j16 -l16
[0.029s] Invoked command in '/home/gurum/ros2_iron/src/ros2/rmw_gurumdds/build/gurumdds_cmake_module' returned '0': _=/usr/bin/env /usr/bin/cmake --build /home/gurum/ros2_iron/src/ros2/rmw_gurumdds/build/gurumdds_cmake_module -- -j16 -l16
[0.047s] Invoking command in '/home/gurum/ros2_iron/src/ros2/rmw_gurumdds/build/gurumdds_cmake_module': _=/usr/bin/env /usr/bin/cmake --install /home/gurum/ros2_iron/src/ros2/rmw_gurumdds/build/gurumdds_cmake_module
[0.051s] -- Install configuration: "Debug"
[0.051s] -- Execute custom install script
[0.051s] -- Up-to-date symlink: /home/gurum/ros2_iron/src/ros2/rmw_gurumdds/install/gurumdds_cmake_module/share/gurumdds_cmake_module/environment/gurumdds.sh
[0.051s] -- Up-to-date symlink: /home/gurum/ros2_iron/src/ros2/rmw_gurumdds/install/gurumdds_cmake_module/share/ament_index/resource_index/package_run_dependencies/gurumdds_cmake_module
[0.051s] -- Up-to-date symlink: /home/gurum/ros2_iron/src/ros2/rmw_gurumdds/install/gurumdds_cmake_module/share/ament_index/resource_index/parent_prefix_path/gurumdds_cmake_module
[0.051s] -- Up-to-date symlink: /home/gurum/ros2_iron/src/ros2/rmw_gurumdds/install/gurumdds_cmake_module/share/gurumdds_cmake_module/environment/ament_prefix_path.sh
[0.052s] -- Up-to-date symlink: /home/gurum/ros2_iron/src/ros2/rmw_gurumdds/install/gurumdds_cmake_module/share/gurumdds_cmake_module/environment/ament_prefix_path.dsv
[0.052s] -- Up-to-date symlink: /home/gurum/ros2_iron/src/ros2/rmw_gurumdds/install/gurumdds_cmake_module/share/gurumdds_cmake_module/environment/path.sh
[0.052s] -- Up-to-date symlink: /home/gurum/ros2_iron/src/ros2/rmw_gurumdds/install/gurumdds_cmake_module/share/gurumdds_cmake_module/environment/path.dsv
[0.052s] -- Up-to-date symlink: /home/gurum/ros2_iron/src/ros2/rmw_gurumdds/install/gurumdds_cmake_module/share/gurumdds_cmake_module/local_setup.bash
[0.052s] -- Up-to-date symlink: /home/gurum/ros2_iron/src/ros2/rmw_gurumdds/install/gurumdds_cmake_module/share/gurumdds_cmake_module/local_setup.sh
[0.052s] -- Up-to-date symlink: /home/gurum/ros2_iron/src/ros2/rmw_gurumdds/install/gurumdds_cmake_module/share/gurumdds_cmake_module/local_setup.zsh
[0.052s] -- Up-to-date symlink: /home/gurum/ros2_iron/src/ros2/rmw_gurumdds/install/gurumdds_cmake_module/share/gurumdds_cmake_module/local_setup.dsv
[0.052s] -- Symlinking: /home/gurum/ros2_iron/src/ros2/rmw_gurumdds/install/gurumdds_cmake_module/share/gurumdds_cmake_module/package.dsv
[0.057s] -- Up-to-date symlink: /home/gurum/ros2_iron/src/ros2/rmw_gurumdds/install/gurumdds_cmake_module/share/ament_index/resource_index/packages/gurumdds_cmake_module
[0.057s] -- Up-to-date symlink: /home/gurum/ros2_iron/src/ros2/rmw_gurumdds/install/gurumdds_cmake_module/share/gurumdds_cmake_module/cmake/gurumdds_cmake_module-extras.cmake
[0.057s] -- Up-to-date symlink: /home/gurum/ros2_iron/src/ros2/rmw_gurumdds/install/gurumdds_cmake_module/share/gurumdds_cmake_module/cmake/gurumdds_cmake_moduleConfig.cmake
[0.057s] -- Up-to-date symlink: /home/gurum/ros2_iron/src/ros2/rmw_gurumdds/install/gurumdds_cmake_module/share/gurumdds_cmake_module/cmake/gurumdds_cmake_moduleConfig-version.cmake
[0.057s] -- Up-to-date symlink: /home/gurum/ros2_iron/src/ros2/rmw_gurumdds/install/gurumdds_cmake_module/share/gurumdds_cmake_module/package.xml
[0.057s] -- Up-to-date symlink: /home/gurum/ros2_iron/src/ros2/rmw_gurumdds/install/gurumdds_cmake_module/share/gurumdds_cmake_module/cmake/Modules/FindGurumDDS.cmake
[0.059s] Invoked command in '/home/gurum/ros2_iron/src/ros2/rmw_gurumdds/build/gurumdds_cmake_module' returned '0': _=/usr/bin/env /usr/bin/cmake --install /home/gurum/ros2_iron/src/ros2/rmw_gurumdds/build/gurumdds_cmake_module
