[35m[1mConsolidate compiler generated dependencies of target rmw_gurumdds_cpp[0m
[  8%] [32mBuilding CXX object CMakeFiles/rmw_gurumdds_cpp.dir/src/rmw_subscription.cpp.o[0m
[  8%] [32mBuilding CXX object CMakeFiles/rmw_gurumdds_cpp.dir/src/rmw_service.cpp.o[0m
[  8%] [32mBuilding CXX object CMakeFiles/rmw_gurumdds_cpp.dir/src/rmw_publisher.cpp.o[0m
[01m[K/home/gurum/gurumnet/rmw_gurumdds/rmw_gurumdds_cpp/src/rmw_subscription.cpp:[m[K In function ‘[01m[Krmw_subscription_t* __rmw_create_subscription(rmw_context_impl_t*, const rmw_node_t*, dds_DomainParticipant*, dds_Subscriber*, const rosidl_message_type_support_t*, const char*, const rmw_qos_profile_t*, const rmw_subscription_options_t*, bool)[m[K’:
[01m[K/home/gurum/gurumnet/rmw_gurumdds/rmw_gurumdds_cpp/src/rmw_subscription.cpp:87:20:[m[K [01;31m[Kerror: [m[Kredeclaration of ‘[01m[Kdds_ReturnCode_t ret[m[K’
   87 |   dds_ReturnCode_t [01;31m[Kret[m[K;
      |                    [01;31m[K^~~[m[K
[01m[K/home/gurum/gurumnet/rmw_gurumdds/rmw_gurumdds_cpp/src/rmw_subscription.cpp:73:13:[m[K [01;36m[Knote: [m[K‘[01m[Krmw_ret_t ret[m[K’ previously declared here
   73 |   rmw_ret_t [01;36m[Kret[m[K = rmw_dds_common::qos_profile_get_best_available_for_topic_subscription(
      |             [01;36m[K^~~[m[K
[01m[K/home/gurum/gurumnet/rmw_gurumdds/rmw_gurumdds_cpp/src/rmw_subscription.cpp:96:55:[m[K [01;31m[Kerror: [m[Kno matching function for call to ‘[01m[Kcreate_topic_name(const char* const&, const char*&, const char [1], rmw_qos_profile_t&)[m[K’
   96 |   std::string processed_topic_name = [01;31m[Kcreate_topic_name([m[K
      |                                      [01;31m[K~~~~~~~~~~~~~~~~~^[m[K
   97 | [01;31m[K    ros_topic_prefix, topic_name, "", adapted_qos_policies)[m[K;
      |     [01;31m[K~~~~~~~~~~~~~~~~~~~~~~~~~~~~~~~~~~~~~~~~~~~~~~~~~~~~~~~[m[K
In file included from [01m[K/home/gurum/gurumnet/rmw_gurumdds/rmw_gurumdds_cpp/src/rmw_subscription.cpp:36[m[K:
[01m[K/home/gurum/gurumnet/rmw_gurumdds/rmw_gurumdds_cpp/include/rmw_gurumdds_cpp/names_and_types_helpers.hpp:44:1:[m[K [01;36m[Knote: [m[Kcandidate: ‘[01m[Kstd::string create_topic_name(const char*, const char*, const char*, bool)[m[K’
   44 | [01;36m[Kcreate_topic_name[m[K(
      | [01;36m[K^~~~~~~~~~~~~~~~~[m[K
[01m[K/home/gurum/gurumnet/rmw_gurumdds/rmw_gurumdds_cpp/include/rmw_gurumdds_cpp/names_and_types_helpers.hpp:48:8:[m[K [01;36m[Knote: [m[K  no known conversion for argument 4 from ‘[01m[Krmw_qos_profile_t[m[K’ {aka ‘[01m[Krmw_qos_profile_s[m[K’} to ‘[01m[Kbool[m[K’
   48 |   [01;36m[Kbool avoid_ros_namespace_conventions[m[K);
      |   [01;36m[K~~~~~^~~~~~~~~~~~~~~~~~~~~~~~~~~~~~~[m[K
[01m[K/home/gurum/gurumnet/rmw_gurumdds/rmw_gurumdds_cpp/include/rmw_gurumdds_cpp/names_and_types_helpers.hpp:51:1:[m[K [01;36m[Knote: [m[Kcandidate: ‘[01m[Kstd::string create_topic_name(const char*, const char*, const char*, const rmw_qos_profile_t*)[m[K’
   51 | [01;36m[Kcreate_topic_name[m[K(
      | [01;36m[K^~~~~~~~~~~~~~~~~[m[K
[01m[K/home/gurum/gurumnet/rmw_gurumdds/rmw_gurumdds_cpp/include/rmw_gurumdds_cpp/names_and_types_helpers.hpp:55:29:[m[K [01;36m[Knote: [m[K  no known conversion for argument 4 from ‘[01m[Krmw_qos_profile_t[m[K’ {aka ‘[01m[Krmw_qos_profile_s[m[K’} to ‘[01m[Kconst rmw_qos_profile_t*[m[K’ {aka ‘[01m[Kconst rmw_qos_profile_s*[m[K’}
   55 |   [01;36m[Kconst rmw_qos_profile_t * qos_policies[m[K);
      |   [01;36m[K~~~~~~~~~~~~~~~~~~~~~~~~~~^~~~~~~~~~~~[m[K
[01m[K/home/gurum/gurumnet/rmw_gurumdds/rmw_gurumdds_cpp/src/rmw_publisher.cpp:[m[K In function ‘[01m[Krmw_publisher_t* __rmw_create_publisher(rmw_context_impl_t*, const rmw_node_t*, dds_DomainParticipant*, dds_Publisher*, const rosidl_message_type_support_t*, const char*, const rmw_qos_profile_t*, const rmw_publisher_options_t*, bool)[m[K’:
[01m[K/home/gurum/gurumnet/rmw_gurumdds/rmw_gurumdds_cpp/src/rmw_publisher.cpp:192:37:[m[K [01;31m[Kerror: [m[K‘[01m[Kupdate_publication_status_matched[m[K’ was not declared in this scope
  192 |   listener.on_publication_matched = [01;31m[Kupdate_publication_status_matched[m[K;
      |                                     [01;31m[K^~~~~~~~~~~~~~~~~~~~~~~~~~~~~~~~~[m[K
[01m[K/home/gurum/gurumnet/rmw_gurumdds/rmw_gurumdds_cpp/src/rmw_subscription.cpp:154:32:[m[K [01;31m[Kerror: [m[Kcannot convert ‘[01m[Krmw_qos_profile_t[m[K’ {aka ‘[01m[Krmw_qos_profile_s[m[K’} to ‘[01m[Kconst rmw_qos_profile_t*[m[K’ {aka ‘[01m[Kconst rmw_qos_profile_s*[m[K’}
  154 |   if (!get_datareader_qos(sub, [01;31m[Kadapted_qos_policies[m[K, type_hash, &datareader_qos)) {
      |                                [01;31m[K^~~~~~~~~~~~~~~~~~~~[m[K
      |                                [01;31m[K|[m[K
      |                                [01;31m[Krmw_qos_profile_t {aka rmw_qos_profile_s}[m[K
In file included from [01m[K/home/gurum/gurumnet/rmw_gurumdds/rmw_gurumdds_cpp/src/rmw_subscription.cpp:37[m[K:
[01m[K/home/gurum/gurumnet/rmw_gurumdds/rmw_gurumdds_cpp/include/rmw_gurumdds_cpp/qos.hpp:40:29:[m[K [01;36m[Knote: [m[K  initializing argument 2 of ‘[01m[Kbool get_datareader_qos(dds_Subscriber*, const rmw_qos_profile_t*, const rosidl_type_hash_t&, dds_DataReaderQos*)[m[K’
   40 |   [01;36m[Kconst rmw_qos_profile_t * qos_profile[m[K,
      |   [01;36m[K~~~~~~~~~~~~~~~~~~~~~~~~~~^~~~~~~~~~~[m[K
[01m[K/home/gurum/gurumnet/rmw_gurumdds/rmw_gurumdds_cpp/src/rmw_service.cpp:[m[K In function ‘[01m[Krmw_service_t* rmw_create_service(const rmw_node_t*, const rosidl_service_type_support_t*, const char*, const rmw_qos_profile_t*)[m[K’:
[01m[K/home/gurum/gurumnet/rmw_gurumdds/rmw_gurumdds_cpp/src/rmw_service.cpp:265:39:[m[K [01;31m[Kerror: [m[Kcannot convert ‘[01m[Krmw_qos_profile_t[m[K’ {aka ‘[01m[Krmw_qos_profile_s[m[K’} to ‘[01m[Kconst rmw_qos_profile_t*[m[K’ {aka ‘[01m[Kconst rmw_qos_profile_s*[m[K’}
  265 |   if (!get_datareader_qos(subscriber, [01;31m[Kadapted_qos_policies[m[K, type_hash, &datareader_qos)) {
      |                                       [01;31m[K^~~~~~~~~~~~~~~~~~~~[m[K
      |                                       [01;31m[K|[m[K
      |                                       [01;31m[Krmw_qos_profile_t {aka rmw_qos_profile_s}[m[K
In file included from [01m[K/home/gurum/gurumnet/rmw_gurumdds/rmw_gurumdds_cpp/src/rmw_service.cpp:34[m[K:
[01m[K/home/gurum/gurumnet/rmw_gurumdds/rmw_gurumdds_cpp/include/rmw_gurumdds_cpp/qos.hpp:40:29:[m[K [01;36m[Knote: [m[K  initializing argument 2 of ‘[01m[Kbool get_datareader_qos(dds_Subscriber*, const rmw_qos_profile_t*, const rosidl_type_hash_t&, dds_DataReaderQos*)[m[K’
   40 |   [01;36m[Kconst rmw_qos_profile_t * qos_profile[m[K,
      |   [01;36m[K~~~~~~~~~~~~~~~~~~~~~~~~~~^~~~~~~~~~~[m[K
[01m[K/home/gurum/gurumnet/rmw_gurumdds/rmw_gurumdds_cpp/src/rmw_service.cpp:292:38:[m[K [01;31m[Kerror: [m[Kcannot convert ‘[01m[Krmw_qos_profile_t[m[K’ {aka ‘[01m[Krmw_qos_profile_s[m[K’} to ‘[01m[Kconst rmw_qos_profile_t*[m[K’ {aka ‘[01m[Kconst rmw_qos_profile_s*[m[K’}
  292 |   if (!get_datawriter_qos(publisher, [01;31m[Kadapted_qos_policies[m[K, type_hash, &datawriter_qos)) {
      |                                      [01;31m[K^~~~~~~~~~~~~~~~~~~~[m[K
      |                                      [01;31m[K|[m[K
      |                                      [01;31m[Krmw_qos_profile_t {aka rmw_qos_profile_s}[m[K
In file included from [01m[K/home/gurum/gurumnet/rmw_gurumdds/rmw_gurumdds_cpp/src/rmw_service.cpp:34[m[K:
[01m[K/home/gurum/gurumnet/rmw_gurumdds/rmw_gurumdds_cpp/include/rmw_gurumdds_cpp/qos.hpp:32:29:[m[K [01;36m[Knote: [m[K  initializing argument 2 of ‘[01m[Kbool get_datawriter_qos(dds_Publisher*, const rmw_qos_profile_t*, const rosidl_type_hash_t&, dds_DataWriterQos*)[m[K’
   32 |   [01;36m[Kconst rmw_qos_profile_t * qos_profile[m[K,
      |   [01;36m[K~~~~~~~~~~~~~~~~~~~~~~~~~~^~~~~~~~~~~[m[K
gmake[2]: *** [CMakeFiles/rmw_gurumdds_cpp.dir/build.make:384: CMakeFiles/rmw_gurumdds_cpp.dir/src/rmw_publisher.cpp.o] Error 1
gmake[2]: *** Waiting for unfinished jobs....
gmake[2]: *** [CMakeFiles/rmw_gurumdds_cpp.dir/build.make:454: CMakeFiles/rmw_gurumdds_cpp.dir/src/rmw_subscription.cpp.o] Error 1
gmake[2]: *** [CMakeFiles/rmw_gurumdds_cpp.dir/build.make:440: CMakeFiles/rmw_gurumdds_cpp.dir/src/rmw_service.cpp.o] Error 1
gmake[1]: *** [CMakeFiles/Makefile2:137: CMakeFiles/rmw_gurumdds_cpp.dir/all] Error 2
gmake: *** [Makefile:146: all] Error 2
