[0.007s] Invoking command in '/home/gurum/gurumnet/rmw_gurumdds/build/gurumdds_cmake_module': _=/usr/bin/env /usr/bin/cmake --build /home/gurum/gurumnet/rmw_gurumdds/build/gurumdds_cmake_module -- -j16 -l16
[0.026s] Invoked command in '/home/gurum/gurumnet/rmw_gurumdds/build/gurumdds_cmake_module' returned '0': _=/usr/bin/env /usr/bin/cmake --build /home/gurum/gurumnet/rmw_gurumdds/build/gurumdds_cmake_module -- -j16 -l16
[0.043s] Invoking command in '/home/gurum/gurumnet/rmw_gurumdds/build/gurumdds_cmake_module': _=/usr/bin/env /usr/bin/cmake --install /home/gurum/gurumnet/rmw_gurumdds/build/gurumdds_cmake_module
[0.046s] -- Install configuration: ""
[0.046s] -- Execute custom install script
[0.047s] -- Up-to-date symlink: /home/gurum/gurumnet/rmw_gurumdds/install/gurumdds_cmake_module/share/gurumdds_cmake_module/environment/gurumdds.sh
[0.047s] -- Up-to-date symlink: /home/gurum/gurumnet/rmw_gurumdds/install/gurumdds_cmake_module/share/ament_index/resource_index/package_run_dependencies/gurumdds_cmake_module
[0.047s] -- Up-to-date symlink: /home/gurum/gurumnet/rmw_gurumdds/install/gurumdds_cmake_module/share/ament_index/resource_index/parent_prefix_path/gurumdds_cmake_module
[0.047s] -- Up-to-date symlink: /home/gurum/gurumnet/rmw_gurumdds/install/gurumdds_cmake_module/share/gurumdds_cmake_module/environment/ament_prefix_path.sh
[0.047s] -- Up-to-date symlink: /home/gurum/gurumnet/rmw_gurumdds/install/gurumdds_cmake_module/share/gurumdds_cmake_module/environment/ament_prefix_path.dsv
[0.047s] -- Up-to-date symlink: /home/gurum/gurumnet/rmw_gurumdds/install/gurumdds_cmake_module/share/gurumdds_cmake_module/environment/path.sh
[0.047s] -- Up-to-date symlink: /home/gurum/gurumnet/rmw_gurumdds/install/gurumdds_cmake_module/share/gurumdds_cmake_module/environment/path.dsv
[0.047s] -- Up-to-date symlink: /home/gurum/gurumnet/rmw_gurumdds/install/gurumdds_cmake_module/share/gurumdds_cmake_module/local_setup.bash
[0.047s] -- Up-to-date symlink: /home/gurum/gurumnet/rmw_gurumdds/install/gurumdds_cmake_module/share/gurumdds_cmake_module/local_setup.sh
[0.047s] -- Up-to-date symlink: /home/gurum/gurumnet/rmw_gurumdds/install/gurumdds_cmake_module/share/gurumdds_cmake_module/local_setup.zsh
[0.048s] -- Up-to-date symlink: /home/gurum/gurumnet/rmw_gurumdds/install/gurumdds_cmake_module/share/gurumdds_cmake_module/local_setup.dsv
[0.048s] -- Symlinking: /home/gurum/gurumnet/rmw_gurumdds/install/gurumdds_cmake_module/share/gurumdds_cmake_module/package.dsv
[0.052s] -- Up-to-date symlink: /home/gurum/gurumnet/rmw_gurumdds/install/gurumdds_cmake_module/share/ament_index/resource_index/packages/gurumdds_cmake_module
[0.052s] -- Up-to-date symlink: /home/gurum/gurumnet/rmw_gurumdds/install/gurumdds_cmake_module/share/gurumdds_cmake_module/cmake/gurumdds_cmake_module-extras.cmake
[0.052s] -- Up-to-date symlink: /home/gurum/gurumnet/rmw_gurumdds/install/gurumdds_cmake_module/share/gurumdds_cmake_module/cmake/gurumdds_cmake_moduleConfig.cmake
[0.052s] -- Up-to-date symlink: /home/gurum/gurumnet/rmw_gurumdds/install/gurumdds_cmake_module/share/gurumdds_cmake_module/cmake/gurumdds_cmake_moduleConfig-version.cmake
[0.052s] -- Up-to-date symlink: /home/gurum/gurumnet/rmw_gurumdds/install/gurumdds_cmake_module/share/gurumdds_cmake_module/package.xml
[0.052s] -- Up-to-date symlink: /home/gurum/gurumnet/rmw_gurumdds/install/gurumdds_cmake_module/share/gurumdds_cmake_module/cmake/Modules/FindGurumDDS.cmake
[0.054s] Invoked command in '/home/gurum/gurumnet/rmw_gurumdds/build/gurumdds_cmake_module' returned '0': _=/usr/bin/env /usr/bin/cmake --install /home/gurum/gurumnet/rmw_gurumdds/build/gurumdds_cmake_module
