[0.434s] DEBUG:colcon:Command line arguments: ['/usr/bin/colcon', 'build', '--symlink-install']
[0.434s] DEBUG:colcon:Parsed command line arguments: Namespace(log_base=None, log_level=None, verb_name='build', build_base='build', install_base='install', merge_install=False, symlink_install=True, test_result_base=None, continue_on_error=False, executor='parallel', parallel_workers=16, event_handlers=None, ignore_user_meta=False, metas=['./colcon.meta'], base_paths=['.'], packages_ignore=None, packages_ignore_regex=None, paths=None, packages_up_to=None, packages_up_to_regex=None, packages_above=None, packages_above_and_dependencies=None, packages_above_depth=None, packages_select_by_dep=None, packages_skip_by_dep=None, packages_skip_up_to=None, packages_select_build_failed=False, packages_skip_build_finished=False, packages_select_test_failures=False, packages_skip_test_passed=False, packages_select=None, packages_skip=None, packages_select_regex=None, packages_skip_regex=None, packages_start=None, packages_end=None, allow_overriding=[], cmake_args=None, cmake_target=None, cmake_target_skip_unavailable=False, cmake_clean_cache=False, cmake_clean_first=False, cmake_force_configure=False, ament_cmake_args=None, catkin_cmake_args=None, catkin_skip_building_tests=False, verb_parser=<colcon_defaults.argument_parser.defaults.DefaultArgumentsDecorator object at 0x7f6eb43b9000>, verb_extension=<colcon_core.verb.build.BuildVerb object at 0x7f6eb43b8a90>, main=<bound method BuildVerb.main of <colcon_core.verb.build.BuildVerb object at 0x7f6eb43b8a90>>)
[0.468s] Level 1:colcon.colcon_core.package_discovery:discover_packages(colcon_meta) check parameters
[0.469s] Level 1:colcon.colcon_core.package_discovery:discover_packages(recursive) check parameters
[0.469s] Level 1:colcon.colcon_core.package_discovery:discover_packages(ignore) check parameters
[0.469s] Level 1:colcon.colcon_core.package_discovery:discover_packages(path) check parameters
[0.469s] Level 1:colcon.colcon_core.package_discovery:discover_packages(colcon_meta) discover
[0.469s] Level 1:colcon.colcon_core.package_discovery:discover_packages(recursive) discover
[0.469s] INFO:colcon.colcon_core.package_discovery:Crawling recursively for packages in '/home/gurum/ros2_iron/src/ros2/rmw_gurumdds'
[0.469s] Level 1:colcon.colcon_core.package_identification:_identify(.) by extensions ['ignore', 'ignore_ament_install']
[0.469s] Level 1:colcon.colcon_core.package_identification:_identify(.) by extension 'ignore'
[0.469s] Level 1:colcon.colcon_core.package_identification:_identify(.) by extension 'ignore_ament_install'
[0.469s] Level 1:colcon.colcon_core.package_identification:_identify(.) by extensions ['colcon_pkg']
[0.469s] Level 1:colcon.colcon_core.package_identification:_identify(.) by extension 'colcon_pkg'
[0.469s] Level 1:colcon.colcon_core.package_identification:_identify(.) by extensions ['colcon_meta']
[0.469s] Level 1:colcon.colcon_core.package_identification:_identify(.) by extension 'colcon_meta'
[0.469s] Level 1:colcon.colcon_core.package_identification:_identify(.) by extensions ['ros']
[0.469s] Level 1:colcon.colcon_core.package_identification:_identify(.) by extension 'ros'
[0.479s] Level 1:colcon.colcon_core.package_identification:_identify(.) by extensions ['cmake', 'python']
[0.479s] Level 1:colcon.colcon_core.package_identification:_identify(.) by extension 'cmake'
[0.479s] Level 1:colcon.colcon_core.package_identification:_identify(.) by extension 'python'
[0.479s] Level 1:colcon.colcon_core.package_identification:_identify(.) by extensions ['python_setup_py']
[0.479s] Level 1:colcon.colcon_core.package_identification:_identify(.) by extension 'python_setup_py'
[0.479s] Level 1:colcon.colcon_core.package_identification:_identify(build) by extensions ['ignore', 'ignore_ament_install']
[0.479s] Level 1:colcon.colcon_core.package_identification:_identify(build) by extension 'ignore'
[0.479s] Level 1:colcon.colcon_core.package_identification:_identify(build) ignored
[0.479s] Level 1:colcon.colcon_core.package_identification:_identify(demo_nodes_cpp_native_gurumdds) by extensions ['ignore', 'ignore_ament_install']
[0.480s] Level 1:colcon.colcon_core.package_identification:_identify(demo_nodes_cpp_native_gurumdds) by extension 'ignore'
[0.480s] Level 1:colcon.colcon_core.package_identification:_identify(demo_nodes_cpp_native_gurumdds) by extension 'ignore_ament_install'
[0.480s] Level 1:colcon.colcon_core.package_identification:_identify(demo_nodes_cpp_native_gurumdds) by extensions ['colcon_pkg']
[0.480s] Level 1:colcon.colcon_core.package_identification:_identify(demo_nodes_cpp_native_gurumdds) by extension 'colcon_pkg'
[0.480s] Level 1:colcon.colcon_core.package_identification:_identify(demo_nodes_cpp_native_gurumdds) by extensions ['colcon_meta']
[0.480s] Level 1:colcon.colcon_core.package_identification:_identify(demo_nodes_cpp_native_gurumdds) by extension 'colcon_meta'
[0.480s] Level 1:colcon.colcon_core.package_identification:_identify(demo_nodes_cpp_native_gurumdds) by extensions ['ros']
[0.480s] Level 1:colcon.colcon_core.package_identification:_identify(demo_nodes_cpp_native_gurumdds) by extension 'ros'
[0.480s] Level 1:colcon.colcon_core.package_identification:_identify(demo_nodes_cpp_native_gurumdds) ignored
[0.480s] Level 1:colcon.colcon_core.package_identification:_identify(gurumdds_cmake_module) by extensions ['ignore', 'ignore_ament_install']
[0.480s] Level 1:colcon.colcon_core.package_identification:_identify(gurumdds_cmake_module) by extension 'ignore'
[0.480s] Level 1:colcon.colcon_core.package_identification:_identify(gurumdds_cmake_module) by extension 'ignore_ament_install'
[0.480s] Level 1:colcon.colcon_core.package_identification:_identify(gurumdds_cmake_module) by extensions ['colcon_pkg']
[0.480s] Level 1:colcon.colcon_core.package_identification:_identify(gurumdds_cmake_module) by extension 'colcon_pkg'
[0.480s] Level 1:colcon.colcon_core.package_identification:_identify(gurumdds_cmake_module) by extensions ['colcon_meta']
[0.480s] Level 1:colcon.colcon_core.package_identification:_identify(gurumdds_cmake_module) by extension 'colcon_meta'
[0.480s] Level 1:colcon.colcon_core.package_identification:_identify(gurumdds_cmake_module) by extensions ['ros']
[0.480s] Level 1:colcon.colcon_core.package_identification:_identify(gurumdds_cmake_module) by extension 'ros'
[0.483s] DEBUG:colcon.colcon_core.package_identification:Package 'gurumdds_cmake_module' with type 'ros.ament_cmake' and name 'gurumdds_cmake_module'
[0.483s] Level 1:colcon.colcon_core.package_identification:_identify(install) by extensions ['ignore', 'ignore_ament_install']
[0.483s] Level 1:colcon.colcon_core.package_identification:_identify(install) by extension 'ignore'
[0.483s] Level 1:colcon.colcon_core.package_identification:_identify(install) ignored
[0.483s] Level 1:colcon.colcon_core.package_identification:_identify(log) by extensions ['ignore', 'ignore_ament_install']
[0.483s] Level 1:colcon.colcon_core.package_identification:_identify(log) by extension 'ignore'
[0.483s] Level 1:colcon.colcon_core.package_identification:_identify(log) ignored
[0.483s] Level 1:colcon.colcon_core.package_identification:_identify(rmw_gurumdds_cpp) by extensions ['ignore', 'ignore_ament_install']
[0.483s] Level 1:colcon.colcon_core.package_identification:_identify(rmw_gurumdds_cpp) by extension 'ignore'
[0.483s] Level 1:colcon.colcon_core.package_identification:_identify(rmw_gurumdds_cpp) by extension 'ignore_ament_install'
[0.484s] Level 1:colcon.colcon_core.package_identification:_identify(rmw_gurumdds_cpp) by extensions ['colcon_pkg']
[0.484s] Level 1:colcon.colcon_core.package_identification:_identify(rmw_gurumdds_cpp) by extension 'colcon_pkg'
[0.484s] Level 1:colcon.colcon_core.package_identification:_identify(rmw_gurumdds_cpp) by extensions ['colcon_meta']
[0.484s] Level 1:colcon.colcon_core.package_identification:_identify(rmw_gurumdds_cpp) by extension 'colcon_meta'
[0.484s] Level 1:colcon.colcon_core.package_identification:_identify(rmw_gurumdds_cpp) by extensions ['ros']
[0.484s] Level 1:colcon.colcon_core.package_identification:_identify(rmw_gurumdds_cpp) by extension 'ros'
[0.484s] DEBUG:colcon.colcon_core.package_identification:Package 'rmw_gurumdds_cpp' with type 'ros.ament_cmake' and name 'rmw_gurumdds_cpp'
[0.484s] Level 1:colcon.colcon_core.package_discovery:discover_packages(recursive) using defaults
[0.484s] Level 1:colcon.colcon_core.package_discovery:discover_packages(ignore) discover
[0.484s] Level 1:colcon.colcon_core.package_discovery:discover_packages(ignore) using defaults
[0.484s] Level 1:colcon.colcon_core.package_discovery:discover_packages(path) discover
[0.485s] Level 1:colcon.colcon_core.package_discovery:discover_packages(path) using defaults
[0.526s] Level 1:colcon.colcon_core.package_discovery:discover_packages(prefix_path) check parameters
[0.526s] Level 1:colcon.colcon_core.package_discovery:discover_packages(prefix_path) discover
[0.542s] DEBUG:colcon.colcon_installed_package_information.package_discovery:Found 360 installed packages in /home/gurum/ros2_iron/install
[0.543s] Level 1:colcon.colcon_core.package_discovery:discover_packages(prefix_path) using defaults
[0.561s] Level 5:colcon.colcon_core.verb:set package 'gurumdds_cmake_module' build argument 'cmake_args' from command line to 'None'
[0.561s] Level 5:colcon.colcon_core.verb:set package 'gurumdds_cmake_module' build argument 'cmake_target' from command line to 'None'
[0.561s] Level 5:colcon.colcon_core.verb:set package 'gurumdds_cmake_module' build argument 'cmake_target_skip_unavailable' from command line to 'False'
[0.561s] Level 5:colcon.colcon_core.verb:set package 'gurumdds_cmake_module' build argument 'cmake_clean_cache' from command line to 'False'
[0.561s] Level 5:colcon.colcon_core.verb:set package 'gurumdds_cmake_module' build argument 'cmake_clean_first' from command line to 'False'
[0.561s] Level 5:colcon.colcon_core.verb:set package 'gurumdds_cmake_module' build argument 'cmake_force_configure' from command line to 'False'
[0.561s] Level 5:colcon.colcon_core.verb:set package 'gurumdds_cmake_module' build argument 'ament_cmake_args' from command line to 'None'
[0.561s] Level 5:colcon.colcon_core.verb:set package 'gurumdds_cmake_module' build argument 'catkin_cmake_args' from command line to 'None'
[0.561s] Level 5:colcon.colcon_core.verb:set package 'gurumdds_cmake_module' build argument 'catkin_skip_building_tests' from command line to 'False'
[0.561s] DEBUG:colcon.colcon_core.verb:Building package 'gurumdds_cmake_module' with the following arguments: {'ament_cmake_args': None, 'build_base': '/home/gurum/ros2_iron/src/ros2/rmw_gurumdds/build/gurumdds_cmake_module', 'catkin_cmake_args': None, 'catkin_skip_building_tests': False, 'cmake_args': None, 'cmake_clean_cache': False, 'cmake_clean_first': False, 'cmake_force_configure': False, 'cmake_target': None, 'cmake_target_skip_unavailable': False, 'install_base': '/home/gurum/ros2_iron/src/ros2/rmw_gurumdds/install/gurumdds_cmake_module', 'merge_install': False, 'path': '/home/gurum/ros2_iron/src/ros2/rmw_gurumdds/gurumdds_cmake_module', 'symlink_install': True, 'test_result_base': None}
[0.563s] Level 5:colcon.colcon_core.verb:set package 'rmw_gurumdds_cpp' build argument 'cmake_args' from command line to 'None'
[0.563s] Level 5:colcon.colcon_core.verb:set package 'rmw_gurumdds_cpp' build argument 'cmake_target' from command line to 'None'
[0.563s] Level 5:colcon.colcon_core.verb:set package 'rmw_gurumdds_cpp' build argument 'cmake_target_skip_unavailable' from command line to 'False'
[0.563s] Level 5:colcon.colcon_core.verb:set package 'rmw_gurumdds_cpp' build argument 'cmake_clean_cache' from command line to 'False'
[0.563s] Level 5:colcon.colcon_core.verb:set package 'rmw_gurumdds_cpp' build argument 'cmake_clean_first' from command line to 'False'
[0.563s] Level 5:colcon.colcon_core.verb:set package 'rmw_gurumdds_cpp' build argument 'cmake_force_configure' from command line to 'False'
[0.563s] Level 5:colcon.colcon_core.verb:set package 'rmw_gurumdds_cpp' build argument 'ament_cmake_args' from command line to 'None'
[0.563s] Level 5:colcon.colcon_core.verb:set package 'rmw_gurumdds_cpp' build argument 'catkin_cmake_args' from command line to 'None'
[0.564s] Level 5:colcon.colcon_core.verb:set package 'rmw_gurumdds_cpp' build argument 'catkin_skip_building_tests' from command line to 'False'
[0.564s] DEBUG:colcon.colcon_core.verb:Building package 'rmw_gurumdds_cpp' with the following arguments: {'ament_cmake_args': None, 'build_base': '/home/gurum/ros2_iron/src/ros2/rmw_gurumdds/build/rmw_gurumdds_cpp', 'catkin_cmake_args': None, 'catkin_skip_building_tests': False, 'cmake_args': None, 'cmake_clean_cache': False, 'cmake_clean_first': False, 'cmake_force_configure': False, 'cmake_target': None, 'cmake_target_skip_unavailable': False, 'install_base': '/home/gurum/ros2_iron/src/ros2/rmw_gurumdds/install/rmw_gurumdds_cpp', 'merge_install': False, 'path': '/home/gurum/ros2_iron/src/ros2/rmw_gurumdds/rmw_gurumdds_cpp', 'symlink_install': True, 'test_result_base': None}
[0.565s] INFO:colcon.colcon_core.executor:Executing jobs using 'parallel' executor
[0.573s] DEBUG:colcon.colcon_parallel_executor.executor.parallel:run_until_complete
[0.573s] INFO:colcon.colcon_ros.task.ament_cmake.build:Building ROS package in '/home/gurum/ros2_iron/src/ros2/rmw_gurumdds/gurumdds_cmake_module' with build type 'ament_cmake'
[0.573s] INFO:colcon.colcon_cmake.task.cmake.build:Building CMake package in '/home/gurum/ros2_iron/src/ros2/rmw_gurumdds/gurumdds_cmake_module'
[0.582s] INFO:colcon.colcon_core.plugin_system:Skipping extension 'colcon_core.shell.bat': Not used on non-Windows systems
[0.582s] INFO:colcon.colcon_core.shell:Skip shell extension 'powershell' for command environment: Not usable outside of PowerShell
[0.582s] DEBUG:colcon.colcon_core.shell:Skip shell extension 'dsv' for command environment
[0.605s] DEBUG:colcon.colcon_core.event_handler.log_command:Invoking command in '/home/gurum/ros2_iron/src/ros2/rmw_gurumdds/build/gurumdds_cmake_module': CMAKE_PREFIX_PATH=${CMAKE_PREFIX_PATH}:/home/gurum/ros2_iron/install/rqt_bag_plugins:/home/gurum/ros2_iron/install/rqt_bag:/home/gurum/ros2_iron/install/rosbag2_examples_py:/home/gurum/ros2_iron/install/launch_testing_examples:/home/gurum/ros2_iron/install/ros2bag:/home/gurum/ros2_iron/install/tracetools_test:/home/gurum/ros2_iron/install/tracetools_launch:/home/gurum/ros2_iron/install/topic_monitor:/home/gurum/ros2_iron/install/tf2_tools:/home/gurum/ros2_iron/install/examples_tf2_py:/home/gurum/ros2_iron/install/tf2_ros_py:/home/gurum/ros2_iron/install/examples_rclpy_pointcloud_publisher:/home/gurum/ros2_iron/install/sensor_msgs_py:/home/gurum/ros2_iron/install/quality_of_service_demo_py:/home/gurum/ros2_iron/install/rqt_plot:/home/gurum/ros2_iron/install/ros2doctor:/home/gurum/ros2_iron/install/lifecycle_py:/home/gurum/ros2_iron/install/examples_rclpy_minimal_subscriber:/home/gurum/ros2_iron/install/examples_rclpy_minimal_service:/home/gurum/ros2_iron/install/examples_rclpy_minimal_publisher:/home/gurum/ros2_iron/install/examples_rclpy_minimal_client:/home/gurum/ros2_iron/install/examples_rclpy_executors:/home/gurum/ros2_iron/install/demo_nodes_py:/home/gurum/ros2_iron/install/rqt:/home/gurum/ros2_iron/install/ros2component:/home/gurum/ros2_iron/install/sros2:/home/gurum/ros2_iron/install/rqt_topic:/home/gurum/ros2_iron/install/rqt_srv:/home/gurum/ros2_iron/install/rqt_shell:/home/gurum/ros2_iron/install/rqt_service_caller:/home/gurum/ros2_iron/install/rqt_reconfigure:/home/gurum/ros2_iron/install/rqt_py_console:/home/gurum/ros2_iron/install/rqt_publisher:/home/gurum/ros2_iron/install/rqt_action:/home/gurum/ros2_iron/install/rqt_msg:/home/gurum/ros2_iron/install/rqt_console:/home/gurum/ros2_iron/install/rqt_graph:/home/gurum/ros2_iron/install/rqt_gui_py:/home/gurum/ros2_iron/install/rqt_gui:/home/gurum/ros2_iron/install/ros2trace:/home/gurum/ros2_iron/install/ros2topic:/home/gurum/ros2_iron/install/ros2test:/home/gurum/ros2_iron/install/ros2param:/home/gurum/ros2_iron/install/ros2lifecycle:/home/gurum/ros2_iron/install/ros2service:/home/gurum/ros2_iron/install/ros2run:/home/gurum/ros2_iron/install/ros2launch:/home/gurum/ros2_iron/install/ros2pkg:/home/gurum/ros2_iron/install/ros2node:/home/gurum/ros2_iron/install/ros2multicast:/home/gurum/ros2_iron/install/ros2interface:/home/gurum/ros2_iron/install/ros2action:/home/gurum/ros2_iron/install/ros2cli:/home/gurum/ros2_iron/install/launch_testing_ros:/home/gurum/ros2_iron/install/launch_ros:/home/gurum/ros2_iron/install/examples_rclpy_minimal_action_server:/home/gurum/ros2_iron/install/examples_rclpy_minimal_action_client:/home/gurum/ros2_iron/install/examples_rclpy_guard_conditions:/home/gurum/ros2_iron/install/action_tutorials_py:/home/gurum/ros2_iron/install/ament_uncrustify:/home/gurum/ros2_iron/install/tracetools_trace:/home/gurum/ros2_iron/install/tracetools_read:/home/gurum/ros2_iron/install/test_tracetools_launch:/home/gurum/ros2_iron/install/test_ros2trace:/home/gurum/ros2_iron/install/test_launch_ros:/home/gurum/ros2_iron/install/rpyutils:/home/gurum/ros2_iron/install/rosidl_runtime_py:/home/gurum/ros2_iron/install/rosidl_pycommon:/home/gurum/ros2_iron/install/rosidl_cli:/home/gurum/ros2_iron/install/launch_pytest:/home/gurum/ros2_iron/install/launch_testing:/home/gurum/ros2_iron/install/launch_yaml:/home/gurum/ros2_iron/install/launch_xml:/home/gurum/ros2_iron/install/launch:/home/gurum/ros2_iron/install/osrf_pycommon:/home/gurum/ros2_iron/install/domain_coordinator:/home/gurum/ros2_iron/install/ament_xmllint:/home/gurum/ros2_iron/install/ament_pyflakes:/home/gurum/ros2_iron/install/ament_pycodestyle:/home/gurum/ros2_iron/install/ament_pep257:/home/gurum/ros2_iron/install/ament_pclint:/home/gurum/ros2_iron/install/ament_package:/home/gurum/ros2_iron/install/ament_mypy:/home/gurum/ros2_iron/install/ament_lint_cmake:/home/gurum/ros2_iron/install/ament_flake8:/home/gurum/ros2_iron/install/ament_copyright:/home/gurum/ros2_iron/install/ament_lint:/home/gurum/ros2_iron/install/ament_index_python:/home/gurum/ros2_iron/install/ament_cpplint:/home/gurum/ros2_iron/install/ament_cppcheck:/home/gurum/ros2_iron/install/ament_clang_tidy:/home/gurum/ros2_iron/install/ament_clang_format _=/usr/bin/env /usr/bin/cmake /home/gurum/ros2_iron/src/ros2/rmw_gurumdds/gurumdds_cmake_module -DAMENT_CMAKE_SYMLINK_INSTALL=1 -DCMAKE_INSTALL_PREFIX=/home/gurum/ros2_iron/src/ros2/rmw_gurumdds/install/gurumdds_cmake_module
[0.622s] DEBUG:colcon.colcon_core.event_handler.log_command:Invoked command in '/home/gurum/ros2_iron/src/ros2/rmw_gurumdds/build/gurumdds_cmake_module' returned '1': CMAKE_PREFIX_PATH=${CMAKE_PREFIX_PATH}:/home/gurum/ros2_iron/install/rqt_bag_plugins:/home/gurum/ros2_iron/install/rqt_bag:/home/gurum/ros2_iron/install/rosbag2_examples_py:/home/gurum/ros2_iron/install/launch_testing_examples:/home/gurum/ros2_iron/install/ros2bag:/home/gurum/ros2_iron/install/tracetools_test:/home/gurum/ros2_iron/install/tracetools_launch:/home/gurum/ros2_iron/install/topic_monitor:/home/gurum/ros2_iron/install/tf2_tools:/home/gurum/ros2_iron/install/examples_tf2_py:/home/gurum/ros2_iron/install/tf2_ros_py:/home/gurum/ros2_iron/install/examples_rclpy_pointcloud_publisher:/home/gurum/ros2_iron/install/sensor_msgs_py:/home/gurum/ros2_iron/install/quality_of_service_demo_py:/home/gurum/ros2_iron/install/rqt_plot:/home/gurum/ros2_iron/install/ros2doctor:/home/gurum/ros2_iron/install/lifecycle_py:/home/gurum/ros2_iron/install/examples_rclpy_minimal_subscriber:/home/gurum/ros2_iron/install/examples_rclpy_minimal_service:/home/gurum/ros2_iron/install/examples_rclpy_minimal_publisher:/home/gurum/ros2_iron/install/examples_rclpy_minimal_client:/home/gurum/ros2_iron/install/examples_rclpy_executors:/home/gurum/ros2_iron/install/demo_nodes_py:/home/gurum/ros2_iron/install/rqt:/home/gurum/ros2_iron/install/ros2component:/home/gurum/ros2_iron/install/sros2:/home/gurum/ros2_iron/install/rqt_topic:/home/gurum/ros2_iron/install/rqt_srv:/home/gurum/ros2_iron/install/rqt_shell:/home/gurum/ros2_iron/install/rqt_service_caller:/home/gurum/ros2_iron/install/rqt_reconfigure:/home/gurum/ros2_iron/install/rqt_py_console:/home/gurum/ros2_iron/install/rqt_publisher:/home/gurum/ros2_iron/install/rqt_action:/home/gurum/ros2_iron/install/rqt_msg:/home/gurum/ros2_iron/install/rqt_console:/home/gurum/ros2_iron/install/rqt_graph:/home/gurum/ros2_iron/install/rqt_gui_py:/home/gurum/ros2_iron/install/rqt_gui:/home/gurum/ros2_iron/install/ros2trace:/home/gurum/ros2_iron/install/ros2topic:/home/gurum/ros2_iron/install/ros2test:/home/gurum/ros2_iron/install/ros2param:/home/gurum/ros2_iron/install/ros2lifecycle:/home/gurum/ros2_iron/install/ros2service:/home/gurum/ros2_iron/install/ros2run:/home/gurum/ros2_iron/install/ros2launch:/home/gurum/ros2_iron/install/ros2pkg:/home/gurum/ros2_iron/install/ros2node:/home/gurum/ros2_iron/install/ros2multicast:/home/gurum/ros2_iron/install/ros2interface:/home/gurum/ros2_iron/install/ros2action:/home/gurum/ros2_iron/install/ros2cli:/home/gurum/ros2_iron/install/launch_testing_ros:/home/gurum/ros2_iron/install/launch_ros:/home/gurum/ros2_iron/install/examples_rclpy_minimal_action_server:/home/gurum/ros2_iron/install/examples_rclpy_minimal_action_client:/home/gurum/ros2_iron/install/examples_rclpy_guard_conditions:/home/gurum/ros2_iron/install/action_tutorials_py:/home/gurum/ros2_iron/install/ament_uncrustify:/home/gurum/ros2_iron/install/tracetools_trace:/home/gurum/ros2_iron/install/tracetools_read:/home/gurum/ros2_iron/install/test_tracetools_launch:/home/gurum/ros2_iron/install/test_ros2trace:/home/gurum/ros2_iron/install/test_launch_ros:/home/gurum/ros2_iron/install/rpyutils:/home/gurum/ros2_iron/install/rosidl_runtime_py:/home/gurum/ros2_iron/install/rosidl_pycommon:/home/gurum/ros2_iron/install/rosidl_cli:/home/gurum/ros2_iron/install/launch_pytest:/home/gurum/ros2_iron/install/launch_testing:/home/gurum/ros2_iron/install/launch_yaml:/home/gurum/ros2_iron/install/launch_xml:/home/gurum/ros2_iron/install/launch:/home/gurum/ros2_iron/install/osrf_pycommon:/home/gurum/ros2_iron/install/domain_coordinator:/home/gurum/ros2_iron/install/ament_xmllint:/home/gurum/ros2_iron/install/ament_pyflakes:/home/gurum/ros2_iron/install/ament_pycodestyle:/home/gurum/ros2_iron/install/ament_pep257:/home/gurum/ros2_iron/install/ament_pclint:/home/gurum/ros2_iron/install/ament_package:/home/gurum/ros2_iron/install/ament_mypy:/home/gurum/ros2_iron/install/ament_lint_cmake:/home/gurum/ros2_iron/install/ament_flake8:/home/gurum/ros2_iron/install/ament_copyright:/home/gurum/ros2_iron/install/ament_lint:/home/gurum/ros2_iron/install/ament_index_python:/home/gurum/ros2_iron/install/ament_cpplint:/home/gurum/ros2_iron/install/ament_cppcheck:/home/gurum/ros2_iron/install/ament_clang_tidy:/home/gurum/ros2_iron/install/ament_clang_format _=/usr/bin/env /usr/bin/cmake /home/gurum/ros2_iron/src/ros2/rmw_gurumdds/gurumdds_cmake_module -DAMENT_CMAKE_SYMLINK_INSTALL=1 -DCMAKE_INSTALL_PREFIX=/home/gurum/ros2_iron/src/ros2/rmw_gurumdds/install/gurumdds_cmake_module
[0.635s] Level 1:colcon.colcon_core.environment:create_environment_scripts_only(gurumdds_cmake_module)
[0.645s] Level 1:colcon.colcon_core.environment:checking '/home/gurum/ros2_iron/src/ros2/rmw_gurumdds/install/gurumdds_cmake_module' for CMake module files
[0.645s] Level 1:colcon.colcon_core.environment:checking '/home/gurum/ros2_iron/src/ros2/rmw_gurumdds/install/gurumdds_cmake_module' for CMake config files
[0.646s] Level 1:colcon.colcon_core.shell:create_environment_hook('gurumdds_cmake_module', 'cmake_prefix_path')
[0.649s] INFO:colcon.colcon_core.shell:Creating environment hook '/home/gurum/ros2_iron/src/ros2/rmw_gurumdds/install/gurumdds_cmake_module/share/gurumdds_cmake_module/hook/cmake_prefix_path.ps1'
[0.650s] INFO:colcon.colcon_core.shell:Creating environment descriptor '/home/gurum/ros2_iron/src/ros2/rmw_gurumdds/install/gurumdds_cmake_module/share/gurumdds_cmake_module/hook/cmake_prefix_path.dsv'
[0.650s] INFO:colcon.colcon_core.shell:Creating environment hook '/home/gurum/ros2_iron/src/ros2/rmw_gurumdds/install/gurumdds_cmake_module/share/gurumdds_cmake_module/hook/cmake_prefix_path.sh'
[0.651s] Level 1:colcon.colcon_core.environment:checking '/home/gurum/ros2_iron/src/ros2/rmw_gurumdds/install/gurumdds_cmake_module/bin'
[0.651s] Level 1:colcon.colcon_core.environment:checking '/home/gurum/ros2_iron/src/ros2/rmw_gurumdds/install/gurumdds_cmake_module/lib/pkgconfig/gurumdds_cmake_module.pc'
[0.653s] Level 1:colcon.colcon_core.environment:checking '/home/gurum/ros2_iron/src/ros2/rmw_gurumdds/install/gurumdds_cmake_module/lib/python3.10/site-packages'
[0.653s] Level 1:colcon.colcon_core.environment:checking '/home/gurum/ros2_iron/src/ros2/rmw_gurumdds/install/gurumdds_cmake_module/bin'
[0.657s] INFO:colcon.colcon_core.shell:Creating package script '/home/gurum/ros2_iron/src/ros2/rmw_gurumdds/install/gurumdds_cmake_module/share/gurumdds_cmake_module/package.ps1'
[0.657s] INFO:colcon.colcon_core.shell:Creating package descriptor '/home/gurum/ros2_iron/src/ros2/rmw_gurumdds/install/gurumdds_cmake_module/share/gurumdds_cmake_module/package.dsv'
[0.658s] INFO:colcon.colcon_core.shell:Creating package script '/home/gurum/ros2_iron/src/ros2/rmw_gurumdds/install/gurumdds_cmake_module/share/gurumdds_cmake_module/package.sh'
[0.658s] INFO:colcon.colcon_core.shell:Creating package script '/home/gurum/ros2_iron/src/ros2/rmw_gurumdds/install/gurumdds_cmake_module/share/gurumdds_cmake_module/package.bash'
[0.659s] INFO:colcon.colcon_core.shell:Creating package script '/home/gurum/ros2_iron/src/ros2/rmw_gurumdds/install/gurumdds_cmake_module/share/gurumdds_cmake_module/package.zsh'
[0.659s] Level 1:colcon.colcon_core.environment:create_file_with_runtime_dependencies(/home/gurum/ros2_iron/src/ros2/rmw_gurumdds/install/gurumdds_cmake_module/share/colcon-core/packages/gurumdds_cmake_module)
[0.670s] DEBUG:colcon.colcon_parallel_executor.executor.parallel:closing loop
[0.670s] DEBUG:colcon.colcon_parallel_executor.executor.parallel:loop closed
[0.670s] DEBUG:colcon.colcon_parallel_executor.executor.parallel:run_until_complete finished with '1'
[0.670s] DEBUG:colcon.colcon_core.event_reactor:joining thread
[0.679s] INFO:colcon.colcon_core.plugin_system:Skipping extension 'colcon_notification.desktop_notification.terminal_notifier': Not used on non-Darwin systems
[0.679s] INFO:colcon.colcon_core.plugin_system:Skipping extension 'colcon_notification.desktop_notification.win32': Not used on non-Windows systems
[0.679s] INFO:colcon.colcon_notification.desktop_notification:Sending desktop notification using 'notify2'
[0.688s] DEBUG:colcon.colcon_core.event_reactor:joined thread
[0.694s] INFO:colcon.colcon_core.shell:Creating prefix script '/home/gurum/ros2_iron/src/ros2/rmw_gurumdds/install/local_setup.ps1'
[0.695s] INFO:colcon.colcon_core.shell:Creating prefix util module '/home/gurum/ros2_iron/src/ros2/rmw_gurumdds/install/_local_setup_util_ps1.py'
[0.696s] INFO:colcon.colcon_core.shell:Creating prefix chain script '/home/gurum/ros2_iron/src/ros2/rmw_gurumdds/install/setup.ps1'
[0.706s] INFO:colcon.colcon_core.shell:Creating prefix script '/home/gurum/ros2_iron/src/ros2/rmw_gurumdds/install/local_setup.sh'
[0.707s] INFO:colcon.colcon_core.shell:Creating prefix util module '/home/gurum/ros2_iron/src/ros2/rmw_gurumdds/install/_local_setup_util_sh.py'
[0.707s] INFO:colcon.colcon_core.shell:Creating prefix chain script '/home/gurum/ros2_iron/src/ros2/rmw_gurumdds/install/setup.sh'
[0.716s] INFO:colcon.colcon_core.shell:Creating prefix script '/home/gurum/ros2_iron/src/ros2/rmw_gurumdds/install/local_setup.bash'
[0.716s] INFO:colcon.colcon_core.shell:Creating prefix chain script '/home/gurum/ros2_iron/src/ros2/rmw_gurumdds/install/setup.bash'
[0.726s] INFO:colcon.colcon_core.shell:Creating prefix script '/home/gurum/ros2_iron/src/ros2/rmw_gurumdds/install/local_setup.zsh'
[0.727s] INFO:colcon.colcon_core.shell:Creating prefix chain script '/home/gurum/ros2_iron/src/ros2/rmw_gurumdds/install/setup.zsh'
