[0.008s] Invoking command in '/home/gurum/gurumnet/rmw_gurumdds/build/gurumdds_cmake_module': _=/usr/bin/env /usr/bin/cmake /home/gurum/gurumnet/rmw_gurumdds/gurumdds_cmake_module -DAMENT_CMAKE_SYMLINK_INSTALL=1 -DCMAKE_INSTALL_PREFIX=/home/gurum/gurumnet/rmw_gurumdds/install/gurumdds_cmake_module
[0.061s] -- The C compiler identification is GNU 11.3.0
[0.098s] -- The CXX compiler identification is GNU 11.3.0
[0.105s] -- Detecting C compiler ABI info
[0.145s] -- Detecting C compiler ABI info - done
[0.150s] -- Check for working C compiler: /usr/bin/cc - skipped
[0.150s] -- Detecting C compile features
[0.151s] -- Detecting C compile features - done
[0.153s] -- Detecting CXX compiler ABI info
[0.198s] -- Detecting CXX compiler ABI info - done
[0.204s] -- Check for working CXX compiler: /usr/bin/c++ - skipped
[0.204s] -- Detecting CXX compile features
[0.204s] -- Detecting CXX compile features - done
[0.210s] [31mCMake Error at CMakeLists.txt:8 (find_package):
[0.211s]   By not providing "Findament_cmake.cmake" in CMAKE_MODULE_PATH this project
[0.211s]   has asked CMake to find a package configuration file provided by
[0.211s]   "ament_cmake", but CMake did not find one.
[0.211s] 
[0.211s]   Could not find a package configuration file provided by "ament_cmake" with
[0.211s]   any of the following names:
[0.211s] 
[0.211s]     ament_cmakeConfig.cmake
[0.211s]     ament_cmake-config.cmake
[0.211s] 
[0.211s]   Add the installation prefix of "ament_cmake" to CMAKE_PREFIX_PATH or set
[0.211s]   "ament_cmake_DIR" to a directory containing one of the above files.  If
[0.211s]   "ament_cmake" provides a separate development package or SDK, be sure it
[0.211s]   has been installed.
[0.211s] 
[0.211s] [0m
[0.211s] -- Configuring incomplete, errors occurred!
[0.211s] See also "/home/gurum/gurumnet/rmw_gurumdds/build/gurumdds_cmake_module/CMakeFiles/CMakeOutput.log".
[0.213s] Invoked command in '/home/gurum/gurumnet/rmw_gurumdds/build/gurumdds_cmake_module' returned '1': _=/usr/bin/env /usr/bin/cmake /home/gurum/gurumnet/rmw_gurumdds/gurumdds_cmake_module -DAMENT_CMAKE_SYMLINK_INSTALL=1 -DCMAKE_INSTALL_PREFIX=/home/gurum/gurumnet/rmw_gurumdds/install/gurumdds_cmake_module
