[0.009s] Invoking command in '/home/gurum/ros2_iron/src/ros2/rmw_gurumdds/build/gurumdds_cmake_module': _=/usr/bin/env /usr/bin/cmake /home/gurum/ros2_iron/src/ros2/rmw_gurumdds/gurumdds_cmake_module -DCMAKE_BUILD_TYPE=Debug -DAMENT_CMAKE_SYMLINK_INSTALL=1 -DCMAKE_INSTALL_PREFIX=/home/gurum/ros2_iron/src/ros2/rmw_gurumdds/install/gurumdds_cmake_module
[0.022s] [31mCMake Error at CMakeLists.txt:8 (find_package):
[0.022s]   By not providing "Findament_cmake.cmake" in CMAKE_MODULE_PATH this project
[0.022s]   has asked CMake to find a package configuration file provided by
[0.022s]   "ament_cmake", but CMake did not find one.
[0.022s] 
[0.022s]   Could not find a package configuration file provided by "ament_cmake" with
[0.022s]   any of the following names:
[0.022s] 
[0.022s]     ament_cmakeConfig.cmake
[0.022s]     ament_cmake-config.cmake
[0.022s] 
[0.022s]   Add the installation prefix of "ament_cmake" to CMAKE_PREFIX_PATH or set
[0.023s]   "ament_cmake_DIR" to a directory containing one of the above files.  If
[0.023s]   "ament_cmake" provides a separate development package or SDK, be sure it
[0.023s]   has been installed.
[0.023s] 
[0.023s] [0m
[0.023s] -- Configuring incomplete, errors occurred!
[0.023s] See also "/home/gurum/ros2_iron/src/ros2/rmw_gurumdds/build/gurumdds_cmake_module/CMakeFiles/CMakeOutput.log".
[0.023s] Invoked command in '/home/gurum/ros2_iron/src/ros2/rmw_gurumdds/build/gurumdds_cmake_module' returned '1': _=/usr/bin/env /usr/bin/cmake /home/gurum/ros2_iron/src/ros2/rmw_gurumdds/gurumdds_cmake_module -DCMAKE_BUILD_TYPE=Debug -DAMENT_CMAKE_SYMLINK_INSTALL=1 -DCMAKE_INSTALL_PREFIX=/home/gurum/ros2_iron/src/ros2/rmw_gurumdds/install/gurumdds_cmake_module
