[0mCMake Error: The current CMakeCache.txt directory /home/gurum/ros2_iron/src/ros2/rmw_gurumdds/build/gurumdds_cmake_module/CMakeCache.txt is different than the directory /home/gurum/gurumnet/rmw_gurumdds/build/gurumdds_cmake_module where CMakeCache.txt was created. This may result in binaries being created in the wrong place. If you are not sure, reedit the CMakeCache.txt[0m
-- Install configuration: "Debug"
-- Execute custom install script
-- Up-to-date symlink: /home/gurum/gurumnet/rmw_gurumdds/install/gurumdds_cmake_module/share/gurumdds_cmake_module/environment/gurumdds.sh
-- Up-to-date symlink: /home/gurum/gurumnet/rmw_gurumdds/install/gurumdds_cmake_module/share/ament_index/resource_index/package_run_dependencies/gurumdds_cmake_module
-- Up-to-date symlink: /home/gurum/gurumnet/rmw_gurumdds/install/gurumdds_cmake_module/share/ament_index/resource_index/parent_prefix_path/gurumdds_cmake_module
-- Up-to-date symlink: /home/gurum/gurumnet/rmw_gurumdds/install/gurumdds_cmake_module/share/gurumdds_cmake_module/environment/ament_prefix_path.sh
-- Up-to-date symlink: /home/gurum/gurumnet/rmw_gurumdds/install/gurumdds_cmake_module/share/gurumdds_cmake_module/environment/ament_prefix_path.dsv
-- Up-to-date symlink: /home/gurum/gurumnet/rmw_gurumdds/install/gurumdds_cmake_module/share/gurumdds_cmake_module/environment/path.sh
-- Up-to-date symlink: /home/gurum/gurumnet/rmw_gurumdds/install/gurumdds_cmake_module/share/gurumdds_cmake_module/environment/path.dsv
-- Up-to-date symlink: /home/gurum/gurumnet/rmw_gurumdds/install/gurumdds_cmake_module/share/gurumdds_cmake_module/local_setup.bash
-- Up-to-date symlink: /home/gurum/gurumnet/rmw_gurumdds/install/gurumdds_cmake_module/share/gurumdds_cmake_module/local_setup.sh
-- Up-to-date symlink: /home/gurum/gurumnet/rmw_gurumdds/install/gurumdds_cmake_module/share/gurumdds_cmake_module/local_setup.zsh
-- Up-to-date symlink: /home/gurum/gurumnet/rmw_gurumdds/install/gurumdds_cmake_module/share/gurumdds_cmake_module/local_setup.dsv
-- Symlinking: /home/gurum/gurumnet/rmw_gurumdds/install/gurumdds_cmake_module/share/gurumdds_cmake_module/package.dsv
-- Up-to-date symlink: /home/gurum/gurumnet/rmw_gurumdds/install/gurumdds_cmake_module/share/ament_index/resource_index/packages/gurumdds_cmake_module
-- Up-to-date symlink: /home/gurum/gurumnet/rmw_gurumdds/install/gurumdds_cmake_module/share/gurumdds_cmake_module/cmake/gurumdds_cmake_module-extras.cmake
-- Up-to-date symlink: /home/gurum/gurumnet/rmw_gurumdds/install/gurumdds_cmake_module/share/gurumdds_cmake_module/cmake/gurumdds_cmake_moduleConfig.cmake
-- Up-to-date symlink: /home/gurum/gurumnet/rmw_gurumdds/install/gurumdds_cmake_module/share/gurumdds_cmake_module/cmake/gurumdds_cmake_moduleConfig-version.cmake
-- Up-to-date symlink: /home/gurum/gurumnet/rmw_gurumdds/install/gurumdds_cmake_module/share/gurumdds_cmake_module/package.xml
-- Up-to-date symlink: /home/gurum/gurumnet/rmw_gurumdds/install/gurumdds_cmake_module/share/gurumdds_cmake_module/cmake/Modules/FindGurumDDS.cmake
