[0.445s] DEBUG:colcon:Command line arguments: ['/usr/bin/colcon', 'build', '--symlink-install']
[0.445s] DEBUG:colcon:Parsed command line arguments: Namespace(log_base=None, log_level=None, verb_name='build', build_base='build', install_base='install', merge_install=False, symlink_install=True, test_result_base=None, continue_on_error=False, executor='parallel', parallel_workers=16, event_handlers=None, ignore_user_meta=False, metas=['./colcon.meta'], base_paths=['.'], packages_ignore=None, packages_ignore_regex=None, paths=None, packages_up_to=None, packages_up_to_regex=None, packages_above=None, packages_above_and_dependencies=None, packages_above_depth=None, packages_select_by_dep=None, packages_skip_by_dep=None, packages_skip_up_to=None, packages_select_build_failed=False, packages_skip_build_finished=False, packages_select_test_failures=False, packages_skip_test_passed=False, packages_select=None, packages_skip=None, packages_select_regex=None, packages_skip_regex=None, packages_start=None, packages_end=None, allow_overriding=[], cmake_args=None, cmake_target=None, cmake_target_skip_unavailable=False, cmake_clean_cache=False, cmake_clean_first=False, cmake_force_configure=False, ament_cmake_args=None, catkin_cmake_args=None, catkin_skip_building_tests=False, verb_parser=<colcon_defaults.argument_parser.defaults.DefaultArgumentsDecorator object at 0x7f093fa850f0>, verb_extension=<colcon_core.verb.build.BuildVerb object at 0x7f093fa84b80>, main=<bound method BuildVerb.main of <colcon_core.verb.build.BuildVerb object at 0x7f093fa84b80>>)
[0.481s] Level 1:colcon.colcon_core.package_discovery:discover_packages(colcon_meta) check parameters
[0.481s] Level 1:colcon.colcon_core.package_discovery:discover_packages(recursive) check parameters
[0.481s] Level 1:colcon.colcon_core.package_discovery:discover_packages(ignore) check parameters
[0.481s] Level 1:colcon.colcon_core.package_discovery:discover_packages(path) check parameters
[0.481s] Level 1:colcon.colcon_core.package_discovery:discover_packages(colcon_meta) discover
[0.481s] Level 1:colcon.colcon_core.package_discovery:discover_packages(recursive) discover
[0.481s] INFO:colcon.colcon_core.package_discovery:Crawling recursively for packages in '/home/gurum/ros2_iron/src/ros2/rmw_gurumdds'
[0.481s] Level 1:colcon.colcon_core.package_identification:_identify(.) by extensions ['ignore', 'ignore_ament_install']
[0.481s] Level 1:colcon.colcon_core.package_identification:_identify(.) by extension 'ignore'
[0.481s] Level 1:colcon.colcon_core.package_identification:_identify(.) by extension 'ignore_ament_install'
[0.481s] Level 1:colcon.colcon_core.package_identification:_identify(.) by extensions ['colcon_pkg']
[0.481s] Level 1:colcon.colcon_core.package_identification:_identify(.) by extension 'colcon_pkg'
[0.481s] Level 1:colcon.colcon_core.package_identification:_identify(.) by extensions ['colcon_meta']
[0.481s] Level 1:colcon.colcon_core.package_identification:_identify(.) by extension 'colcon_meta'
[0.481s] Level 1:colcon.colcon_core.package_identification:_identify(.) by extensions ['ros']
[0.481s] Level 1:colcon.colcon_core.package_identification:_identify(.) by extension 'ros'
[0.491s] Level 1:colcon.colcon_core.package_identification:_identify(.) by extensions ['cmake', 'python']
[0.491s] Level 1:colcon.colcon_core.package_identification:_identify(.) by extension 'cmake'
[0.491s] Level 1:colcon.colcon_core.package_identification:_identify(.) by extension 'python'
[0.491s] Level 1:colcon.colcon_core.package_identification:_identify(.) by extensions ['python_setup_py']
[0.491s] Level 1:colcon.colcon_core.package_identification:_identify(.) by extension 'python_setup_py'
[0.491s] Level 1:colcon.colcon_core.package_identification:_identify(build) by extensions ['ignore', 'ignore_ament_install']
[0.491s] Level 1:colcon.colcon_core.package_identification:_identify(build) by extension 'ignore'
[0.491s] Level 1:colcon.colcon_core.package_identification:_identify(build) ignored
[0.491s] Level 1:colcon.colcon_core.package_identification:_identify(demo_nodes_cpp_native_gurumdds) by extensions ['ignore', 'ignore_ament_install']
[0.491s] Level 1:colcon.colcon_core.package_identification:_identify(demo_nodes_cpp_native_gurumdds) by extension 'ignore'
[0.491s] Level 1:colcon.colcon_core.package_identification:_identify(demo_nodes_cpp_native_gurumdds) by extension 'ignore_ament_install'
[0.491s] Level 1:colcon.colcon_core.package_identification:_identify(demo_nodes_cpp_native_gurumdds) by extensions ['colcon_pkg']
[0.491s] Level 1:colcon.colcon_core.package_identification:_identify(demo_nodes_cpp_native_gurumdds) by extension 'colcon_pkg'
[0.491s] Level 1:colcon.colcon_core.package_identification:_identify(demo_nodes_cpp_native_gurumdds) by extensions ['colcon_meta']
[0.491s] Level 1:colcon.colcon_core.package_identification:_identify(demo_nodes_cpp_native_gurumdds) by extension 'colcon_meta'
[0.491s] Level 1:colcon.colcon_core.package_identification:_identify(demo_nodes_cpp_native_gurumdds) by extensions ['ros']
[0.491s] Level 1:colcon.colcon_core.package_identification:_identify(demo_nodes_cpp_native_gurumdds) by extension 'ros'
[0.491s] Level 1:colcon.colcon_core.package_identification:_identify(demo_nodes_cpp_native_gurumdds) ignored
[0.491s] Level 1:colcon.colcon_core.package_identification:_identify(gurumdds_cmake_module) by extensions ['ignore', 'ignore_ament_install']
[0.491s] Level 1:colcon.colcon_core.package_identification:_identify(gurumdds_cmake_module) by extension 'ignore'
[0.491s] Level 1:colcon.colcon_core.package_identification:_identify(gurumdds_cmake_module) by extension 'ignore_ament_install'
[0.492s] Level 1:colcon.colcon_core.package_identification:_identify(gurumdds_cmake_module) by extensions ['colcon_pkg']
[0.492s] Level 1:colcon.colcon_core.package_identification:_identify(gurumdds_cmake_module) by extension 'colcon_pkg'
[0.492s] Level 1:colcon.colcon_core.package_identification:_identify(gurumdds_cmake_module) by extensions ['colcon_meta']
[0.492s] Level 1:colcon.colcon_core.package_identification:_identify(gurumdds_cmake_module) by extension 'colcon_meta'
[0.492s] Level 1:colcon.colcon_core.package_identification:_identify(gurumdds_cmake_module) by extensions ['ros']
[0.492s] Level 1:colcon.colcon_core.package_identification:_identify(gurumdds_cmake_module) by extension 'ros'
[0.494s] DEBUG:colcon.colcon_core.package_identification:Package 'gurumdds_cmake_module' with type 'ros.ament_cmake' and name 'gurumdds_cmake_module'
[0.494s] Level 1:colcon.colcon_core.package_identification:_identify(install) by extensions ['ignore', 'ignore_ament_install']
[0.494s] Level 1:colcon.colcon_core.package_identification:_identify(install) by extension 'ignore'
[0.494s] Level 1:colcon.colcon_core.package_identification:_identify(install) ignored
[0.494s] Level 1:colcon.colcon_core.package_identification:_identify(log) by extensions ['ignore', 'ignore_ament_install']
[0.494s] Level 1:colcon.colcon_core.package_identification:_identify(log) by extension 'ignore'
[0.494s] Level 1:colcon.colcon_core.package_identification:_identify(log) ignored
[0.494s] Level 1:colcon.colcon_core.package_identification:_identify(rmw_gurumdds_cpp) by extensions ['ignore', 'ignore_ament_install']
[0.494s] Level 1:colcon.colcon_core.package_identification:_identify(rmw_gurumdds_cpp) by extension 'ignore'
[0.494s] Level 1:colcon.colcon_core.package_identification:_identify(rmw_gurumdds_cpp) by extension 'ignore_ament_install'
[0.494s] Level 1:colcon.colcon_core.package_identification:_identify(rmw_gurumdds_cpp) by extensions ['colcon_pkg']
[0.494s] Level 1:colcon.colcon_core.package_identification:_identify(rmw_gurumdds_cpp) by extension 'colcon_pkg'
[0.494s] Level 1:colcon.colcon_core.package_identification:_identify(rmw_gurumdds_cpp) by extensions ['colcon_meta']
[0.495s] Level 1:colcon.colcon_core.package_identification:_identify(rmw_gurumdds_cpp) by extension 'colcon_meta'
[0.495s] Level 1:colcon.colcon_core.package_identification:_identify(rmw_gurumdds_cpp) by extensions ['ros']
[0.495s] Level 1:colcon.colcon_core.package_identification:_identify(rmw_gurumdds_cpp) by extension 'ros'
[0.495s] DEBUG:colcon.colcon_core.package_identification:Package 'rmw_gurumdds_cpp' with type 'ros.ament_cmake' and name 'rmw_gurumdds_cpp'
[0.495s] Level 1:colcon.colcon_core.package_discovery:discover_packages(recursive) using defaults
[0.495s] Level 1:colcon.colcon_core.package_discovery:discover_packages(ignore) discover
[0.495s] Level 1:colcon.colcon_core.package_discovery:discover_packages(ignore) using defaults
[0.495s] Level 1:colcon.colcon_core.package_discovery:discover_packages(path) discover
[0.495s] Level 1:colcon.colcon_core.package_discovery:discover_packages(path) using defaults
[0.537s] Level 1:colcon.colcon_core.package_discovery:discover_packages(prefix_path) check parameters
[0.537s] Level 1:colcon.colcon_core.package_discovery:discover_packages(prefix_path) discover
[0.553s] DEBUG:colcon.colcon_installed_package_information.package_discovery:Found 360 installed packages in /home/gurum/ros2_iron/install
[0.554s] Level 1:colcon.colcon_core.package_discovery:discover_packages(prefix_path) using defaults
[0.573s] Level 5:colcon.colcon_core.verb:set package 'gurumdds_cmake_module' build argument 'cmake_args' from command line to 'None'
[0.573s] Level 5:colcon.colcon_core.verb:set package 'gurumdds_cmake_module' build argument 'cmake_target' from command line to 'None'
[0.573s] Level 5:colcon.colcon_core.verb:set package 'gurumdds_cmake_module' build argument 'cmake_target_skip_unavailable' from command line to 'False'
[0.573s] Level 5:colcon.colcon_core.verb:set package 'gurumdds_cmake_module' build argument 'cmake_clean_cache' from command line to 'False'
[0.573s] Level 5:colcon.colcon_core.verb:set package 'gurumdds_cmake_module' build argument 'cmake_clean_first' from command line to 'False'
[0.573s] Level 5:colcon.colcon_core.verb:set package 'gurumdds_cmake_module' build argument 'cmake_force_configure' from command line to 'False'
[0.573s] Level 5:colcon.colcon_core.verb:set package 'gurumdds_cmake_module' build argument 'ament_cmake_args' from command line to 'None'
[0.573s] Level 5:colcon.colcon_core.verb:set package 'gurumdds_cmake_module' build argument 'catkin_cmake_args' from command line to 'None'
[0.573s] Level 5:colcon.colcon_core.verb:set package 'gurumdds_cmake_module' build argument 'catkin_skip_building_tests' from command line to 'False'
[0.573s] DEBUG:colcon.colcon_core.verb:Building package 'gurumdds_cmake_module' with the following arguments: {'ament_cmake_args': None, 'build_base': '/home/gurum/ros2_iron/src/ros2/rmw_gurumdds/build/gurumdds_cmake_module', 'catkin_cmake_args': None, 'catkin_skip_building_tests': False, 'cmake_args': None, 'cmake_clean_cache': False, 'cmake_clean_first': False, 'cmake_force_configure': False, 'cmake_target': None, 'cmake_target_skip_unavailable': False, 'install_base': '/home/gurum/ros2_iron/src/ros2/rmw_gurumdds/install/gurumdds_cmake_module', 'merge_install': False, 'path': '/home/gurum/ros2_iron/src/ros2/rmw_gurumdds/gurumdds_cmake_module', 'symlink_install': True, 'test_result_base': None}
[0.575s] Level 5:colcon.colcon_core.verb:set package 'rmw_gurumdds_cpp' build argument 'cmake_args' from command line to 'None'
[0.575s] Level 5:colcon.colcon_core.verb:set package 'rmw_gurumdds_cpp' build argument 'cmake_target' from command line to 'None'
[0.575s] Level 5:colcon.colcon_core.verb:set package 'rmw_gurumdds_cpp' build argument 'cmake_target_skip_unavailable' from command line to 'False'
[0.575s] Level 5:colcon.colcon_core.verb:set package 'rmw_gurumdds_cpp' build argument 'cmake_clean_cache' from command line to 'False'
[0.575s] Level 5:colcon.colcon_core.verb:set package 'rmw_gurumdds_cpp' build argument 'cmake_clean_first' from command line to 'False'
[0.575s] Level 5:colcon.colcon_core.verb:set package 'rmw_gurumdds_cpp' build argument 'cmake_force_configure' from command line to 'False'
[0.575s] Level 5:colcon.colcon_core.verb:set package 'rmw_gurumdds_cpp' build argument 'ament_cmake_args' from command line to 'None'
[0.575s] Level 5:colcon.colcon_core.verb:set package 'rmw_gurumdds_cpp' build argument 'catkin_cmake_args' from command line to 'None'
[0.575s] Level 5:colcon.colcon_core.verb:set package 'rmw_gurumdds_cpp' build argument 'catkin_skip_building_tests' from command line to 'False'
[0.575s] DEBUG:colcon.colcon_core.verb:Building package 'rmw_gurumdds_cpp' with the following arguments: {'ament_cmake_args': None, 'build_base': '/home/gurum/ros2_iron/src/ros2/rmw_gurumdds/build/rmw_gurumdds_cpp', 'catkin_cmake_args': None, 'catkin_skip_building_tests': False, 'cmake_args': None, 'cmake_clean_cache': False, 'cmake_clean_first': False, 'cmake_force_configure': False, 'cmake_target': None, 'cmake_target_skip_unavailable': False, 'install_base': '/home/gurum/ros2_iron/src/ros2/rmw_gurumdds/install/rmw_gurumdds_cpp', 'merge_install': False, 'path': '/home/gurum/ros2_iron/src/ros2/rmw_gurumdds/rmw_gurumdds_cpp', 'symlink_install': True, 'test_result_base': None}
[0.576s] INFO:colcon.colcon_core.executor:Executing jobs using 'parallel' executor
[0.585s] DEBUG:colcon.colcon_parallel_executor.executor.parallel:run_until_complete
[0.585s] INFO:colcon.colcon_ros.task.ament_cmake.build:Building ROS package in '/home/gurum/ros2_iron/src/ros2/rmw_gurumdds/gurumdds_cmake_module' with build type 'ament_cmake'
[0.585s] INFO:colcon.colcon_cmake.task.cmake.build:Building CMake package in '/home/gurum/ros2_iron/src/ros2/rmw_gurumdds/gurumdds_cmake_module'
[0.593s] INFO:colcon.colcon_core.plugin_system:Skipping extension 'colcon_core.shell.bat': Not used on non-Windows systems
[0.593s] INFO:colcon.colcon_core.shell:Skip shell extension 'powershell' for command environment: Not usable outside of PowerShell
[0.593s] DEBUG:colcon.colcon_core.shell:Skip shell extension 'dsv' for command environment
[0.617s] DEBUG:colcon.colcon_core.event_handler.log_command:Invoking command in '/home/gurum/ros2_iron/src/ros2/rmw_gurumdds/build/gurumdds_cmake_module': CMAKE_PREFIX_PATH=${CMAKE_PREFIX_PATH}:/home/gurum/ros2_iron/install/rqt_bag_plugins:/home/gurum/ros2_iron/install/rqt_bag:/home/gurum/ros2_iron/install/rosbag2_examples_py:/home/gurum/ros2_iron/install/launch_testing_examples:/home/gurum/ros2_iron/install/ros2bag:/home/gurum/ros2_iron/install/tracetools_test:/home/gurum/ros2_iron/install/tracetools_launch:/home/gurum/ros2_iron/install/topic_monitor:/home/gurum/ros2_iron/install/tf2_tools:/home/gurum/ros2_iron/install/examples_tf2_py:/home/gurum/ros2_iron/install/tf2_ros_py:/home/gurum/ros2_iron/install/examples_rclpy_pointcloud_publisher:/home/gurum/ros2_iron/install/sensor_msgs_py:/home/gurum/ros2_iron/install/quality_of_service_demo_py:/home/gurum/ros2_iron/install/rqt_plot:/home/gurum/ros2_iron/install/ros2doctor:/home/gurum/ros2_iron/install/lifecycle_py:/home/gurum/ros2_iron/install/examples_rclpy_minimal_subscriber:/home/gurum/ros2_iron/install/examples_rclpy_minimal_service:/home/gurum/ros2_iron/install/examples_rclpy_minimal_publisher:/home/gurum/ros2_iron/install/examples_rclpy_minimal_client:/home/gurum/ros2_iron/install/examples_rclpy_executors:/home/gurum/ros2_iron/install/demo_nodes_py:/home/gurum/ros2_iron/install/rqt:/home/gurum/ros2_iron/install/ros2component:/home/gurum/ros2_iron/install/sros2:/home/gurum/ros2_iron/install/rqt_topic:/home/gurum/ros2_iron/install/rqt_srv:/home/gurum/ros2_iron/install/rqt_shell:/home/gurum/ros2_iron/install/rqt_service_caller:/home/gurum/ros2_iron/install/rqt_reconfigure:/home/gurum/ros2_iron/install/rqt_py_console:/home/gurum/ros2_iron/install/rqt_publisher:/home/gurum/ros2_iron/install/rqt_action:/home/gurum/ros2_iron/install/rqt_msg:/home/gurum/ros2_iron/install/rqt_console:/home/gurum/ros2_iron/install/rqt_graph:/home/gurum/ros2_iron/install/rqt_gui_py:/home/gurum/ros2_iron/install/rqt_gui:/home/gurum/ros2_iron/install/ros2trace:/home/gurum/ros2_iron/install/ros2topic:/home/gurum/ros2_iron/install/ros2test:/home/gurum/ros2_iron/install/ros2param:/home/gurum/ros2_iron/install/ros2lifecycle:/home/gurum/ros2_iron/install/ros2service:/home/gurum/ros2_iron/install/ros2run:/home/gurum/ros2_iron/install/ros2launch:/home/gurum/ros2_iron/install/ros2pkg:/home/gurum/ros2_iron/install/ros2node:/home/gurum/ros2_iron/install/ros2multicast:/home/gurum/ros2_iron/install/ros2interface:/home/gurum/ros2_iron/install/ros2action:/home/gurum/ros2_iron/install/ros2cli:/home/gurum/ros2_iron/install/launch_testing_ros:/home/gurum/ros2_iron/install/launch_ros:/home/gurum/ros2_iron/install/examples_rclpy_minimal_action_server:/home/gurum/ros2_iron/install/examples_rclpy_minimal_action_client:/home/gurum/ros2_iron/install/examples_rclpy_guard_conditions:/home/gurum/ros2_iron/install/action_tutorials_py:/home/gurum/ros2_iron/install/ament_uncrustify:/home/gurum/ros2_iron/install/tracetools_trace:/home/gurum/ros2_iron/install/tracetools_read:/home/gurum/ros2_iron/install/test_tracetools_launch:/home/gurum/ros2_iron/install/test_ros2trace:/home/gurum/ros2_iron/install/test_launch_ros:/home/gurum/ros2_iron/install/rpyutils:/home/gurum/ros2_iron/install/rosidl_runtime_py:/home/gurum/ros2_iron/install/rosidl_pycommon:/home/gurum/ros2_iron/install/rosidl_cli:/home/gurum/ros2_iron/install/launch_pytest:/home/gurum/ros2_iron/install/launch_testing:/home/gurum/ros2_iron/install/launch_yaml:/home/gurum/ros2_iron/install/launch_xml:/home/gurum/ros2_iron/install/launch:/home/gurum/ros2_iron/install/osrf_pycommon:/home/gurum/ros2_iron/install/domain_coordinator:/home/gurum/ros2_iron/install/ament_xmllint:/home/gurum/ros2_iron/install/ament_pyflakes:/home/gurum/ros2_iron/install/ament_pycodestyle:/home/gurum/ros2_iron/install/ament_pep257:/home/gurum/ros2_iron/install/ament_pclint:/home/gurum/ros2_iron/install/ament_package:/home/gurum/ros2_iron/install/ament_mypy:/home/gurum/ros2_iron/install/ament_lint_cmake:/home/gurum/ros2_iron/install/ament_flake8:/home/gurum/ros2_iron/install/ament_copyright:/home/gurum/ros2_iron/install/ament_lint:/home/gurum/ros2_iron/install/ament_index_python:/home/gurum/ros2_iron/install/ament_cpplint:/home/gurum/ros2_iron/install/ament_cppcheck:/home/gurum/ros2_iron/install/ament_clang_tidy:/home/gurum/ros2_iron/install/ament_clang_format _=/usr/bin/env /usr/bin/cmake --build /home/gurum/ros2_iron/src/ros2/rmw_gurumdds/build/gurumdds_cmake_module -- -j16 -l16
[0.671s] DEBUG:colcon.colcon_core.event_handler.log_command:Invoked command in '/home/gurum/ros2_iron/src/ros2/rmw_gurumdds/build/gurumdds_cmake_module' returned '0': CMAKE_PREFIX_PATH=${CMAKE_PREFIX_PATH}:/home/gurum/ros2_iron/install/rqt_bag_plugins:/home/gurum/ros2_iron/install/rqt_bag:/home/gurum/ros2_iron/install/rosbag2_examples_py:/home/gurum/ros2_iron/install/launch_testing_examples:/home/gurum/ros2_iron/install/ros2bag:/home/gurum/ros2_iron/install/tracetools_test:/home/gurum/ros2_iron/install/tracetools_launch:/home/gurum/ros2_iron/install/topic_monitor:/home/gurum/ros2_iron/install/tf2_tools:/home/gurum/ros2_iron/install/examples_tf2_py:/home/gurum/ros2_iron/install/tf2_ros_py:/home/gurum/ros2_iron/install/examples_rclpy_pointcloud_publisher:/home/gurum/ros2_iron/install/sensor_msgs_py:/home/gurum/ros2_iron/install/quality_of_service_demo_py:/home/gurum/ros2_iron/install/rqt_plot:/home/gurum/ros2_iron/install/ros2doctor:/home/gurum/ros2_iron/install/lifecycle_py:/home/gurum/ros2_iron/install/examples_rclpy_minimal_subscriber:/home/gurum/ros2_iron/install/examples_rclpy_minimal_service:/home/gurum/ros2_iron/install/examples_rclpy_minimal_publisher:/home/gurum/ros2_iron/install/examples_rclpy_minimal_client:/home/gurum/ros2_iron/install/examples_rclpy_executors:/home/gurum/ros2_iron/install/demo_nodes_py:/home/gurum/ros2_iron/install/rqt:/home/gurum/ros2_iron/install/ros2component:/home/gurum/ros2_iron/install/sros2:/home/gurum/ros2_iron/install/rqt_topic:/home/gurum/ros2_iron/install/rqt_srv:/home/gurum/ros2_iron/install/rqt_shell:/home/gurum/ros2_iron/install/rqt_service_caller:/home/gurum/ros2_iron/install/rqt_reconfigure:/home/gurum/ros2_iron/install/rqt_py_console:/home/gurum/ros2_iron/install/rqt_publisher:/home/gurum/ros2_iron/install/rqt_action:/home/gurum/ros2_iron/install/rqt_msg:/home/gurum/ros2_iron/install/rqt_console:/home/gurum/ros2_iron/install/rqt_graph:/home/gurum/ros2_iron/install/rqt_gui_py:/home/gurum/ros2_iron/install/rqt_gui:/home/gurum/ros2_iron/install/ros2trace:/home/gurum/ros2_iron/install/ros2topic:/home/gurum/ros2_iron/install/ros2test:/home/gurum/ros2_iron/install/ros2param:/home/gurum/ros2_iron/install/ros2lifecycle:/home/gurum/ros2_iron/install/ros2service:/home/gurum/ros2_iron/install/ros2run:/home/gurum/ros2_iron/install/ros2launch:/home/gurum/ros2_iron/install/ros2pkg:/home/gurum/ros2_iron/install/ros2node:/home/gurum/ros2_iron/install/ros2multicast:/home/gurum/ros2_iron/install/ros2interface:/home/gurum/ros2_iron/install/ros2action:/home/gurum/ros2_iron/install/ros2cli:/home/gurum/ros2_iron/install/launch_testing_ros:/home/gurum/ros2_iron/install/launch_ros:/home/gurum/ros2_iron/install/examples_rclpy_minimal_action_server:/home/gurum/ros2_iron/install/examples_rclpy_minimal_action_client:/home/gurum/ros2_iron/install/examples_rclpy_guard_conditions:/home/gurum/ros2_iron/install/action_tutorials_py:/home/gurum/ros2_iron/install/ament_uncrustify:/home/gurum/ros2_iron/install/tracetools_trace:/home/gurum/ros2_iron/install/tracetools_read:/home/gurum/ros2_iron/install/test_tracetools_launch:/home/gurum/ros2_iron/install/test_ros2trace:/home/gurum/ros2_iron/install/test_launch_ros:/home/gurum/ros2_iron/install/rpyutils:/home/gurum/ros2_iron/install/rosidl_runtime_py:/home/gurum/ros2_iron/install/rosidl_pycommon:/home/gurum/ros2_iron/install/rosidl_cli:/home/gurum/ros2_iron/install/launch_pytest:/home/gurum/ros2_iron/install/launch_testing:/home/gurum/ros2_iron/install/launch_yaml:/home/gurum/ros2_iron/install/launch_xml:/home/gurum/ros2_iron/install/launch:/home/gurum/ros2_iron/install/osrf_pycommon:/home/gurum/ros2_iron/install/domain_coordinator:/home/gurum/ros2_iron/install/ament_xmllint:/home/gurum/ros2_iron/install/ament_pyflakes:/home/gurum/ros2_iron/install/ament_pycodestyle:/home/gurum/ros2_iron/install/ament_pep257:/home/gurum/ros2_iron/install/ament_pclint:/home/gurum/ros2_iron/install/ament_package:/home/gurum/ros2_iron/install/ament_mypy:/home/gurum/ros2_iron/install/ament_lint_cmake:/home/gurum/ros2_iron/install/ament_flake8:/home/gurum/ros2_iron/install/ament_copyright:/home/gurum/ros2_iron/install/ament_lint:/home/gurum/ros2_iron/install/ament_index_python:/home/gurum/ros2_iron/install/ament_cpplint:/home/gurum/ros2_iron/install/ament_cppcheck:/home/gurum/ros2_iron/install/ament_clang_tidy:/home/gurum/ros2_iron/install/ament_clang_format _=/usr/bin/env /usr/bin/cmake --build /home/gurum/ros2_iron/src/ros2/rmw_gurumdds/build/gurumdds_cmake_module -- -j16 -l16
[0.723s] DEBUG:colcon.colcon_core.event_handler.log_command:Invoking command in '/home/gurum/ros2_iron/src/ros2/rmw_gurumdds/build/gurumdds_cmake_module': CMAKE_PREFIX_PATH=${CMAKE_PREFIX_PATH}:/home/gurum/ros2_iron/install/rqt_bag_plugins:/home/gurum/ros2_iron/install/rqt_bag:/home/gurum/ros2_iron/install/rosbag2_examples_py:/home/gurum/ros2_iron/install/launch_testing_examples:/home/gurum/ros2_iron/install/ros2bag:/home/gurum/ros2_iron/install/tracetools_test:/home/gurum/ros2_iron/install/tracetools_launch:/home/gurum/ros2_iron/install/topic_monitor:/home/gurum/ros2_iron/install/tf2_tools:/home/gurum/ros2_iron/install/examples_tf2_py:/home/gurum/ros2_iron/install/tf2_ros_py:/home/gurum/ros2_iron/install/examples_rclpy_pointcloud_publisher:/home/gurum/ros2_iron/install/sensor_msgs_py:/home/gurum/ros2_iron/install/quality_of_service_demo_py:/home/gurum/ros2_iron/install/rqt_plot:/home/gurum/ros2_iron/install/ros2doctor:/home/gurum/ros2_iron/install/lifecycle_py:/home/gurum/ros2_iron/install/examples_rclpy_minimal_subscriber:/home/gurum/ros2_iron/install/examples_rclpy_minimal_service:/home/gurum/ros2_iron/install/examples_rclpy_minimal_publisher:/home/gurum/ros2_iron/install/examples_rclpy_minimal_client:/home/gurum/ros2_iron/install/examples_rclpy_executors:/home/gurum/ros2_iron/install/demo_nodes_py:/home/gurum/ros2_iron/install/rqt:/home/gurum/ros2_iron/install/ros2component:/home/gurum/ros2_iron/install/sros2:/home/gurum/ros2_iron/install/rqt_topic:/home/gurum/ros2_iron/install/rqt_srv:/home/gurum/ros2_iron/install/rqt_shell:/home/gurum/ros2_iron/install/rqt_service_caller:/home/gurum/ros2_iron/install/rqt_reconfigure:/home/gurum/ros2_iron/install/rqt_py_console:/home/gurum/ros2_iron/install/rqt_publisher:/home/gurum/ros2_iron/install/rqt_action:/home/gurum/ros2_iron/install/rqt_msg:/home/gurum/ros2_iron/install/rqt_console:/home/gurum/ros2_iron/install/rqt_graph:/home/gurum/ros2_iron/install/rqt_gui_py:/home/gurum/ros2_iron/install/rqt_gui:/home/gurum/ros2_iron/install/ros2trace:/home/gurum/ros2_iron/install/ros2topic:/home/gurum/ros2_iron/install/ros2test:/home/gurum/ros2_iron/install/ros2param:/home/gurum/ros2_iron/install/ros2lifecycle:/home/gurum/ros2_iron/install/ros2service:/home/gurum/ros2_iron/install/ros2run:/home/gurum/ros2_iron/install/ros2launch:/home/gurum/ros2_iron/install/ros2pkg:/home/gurum/ros2_iron/install/ros2node:/home/gurum/ros2_iron/install/ros2multicast:/home/gurum/ros2_iron/install/ros2interface:/home/gurum/ros2_iron/install/ros2action:/home/gurum/ros2_iron/install/ros2cli:/home/gurum/ros2_iron/install/launch_testing_ros:/home/gurum/ros2_iron/install/launch_ros:/home/gurum/ros2_iron/install/examples_rclpy_minimal_action_server:/home/gurum/ros2_iron/install/examples_rclpy_minimal_action_client:/home/gurum/ros2_iron/install/examples_rclpy_guard_conditions:/home/gurum/ros2_iron/install/action_tutorials_py:/home/gurum/ros2_iron/install/ament_uncrustify:/home/gurum/ros2_iron/install/tracetools_trace:/home/gurum/ros2_iron/install/tracetools_read:/home/gurum/ros2_iron/install/test_tracetools_launch:/home/gurum/ros2_iron/install/test_ros2trace:/home/gurum/ros2_iron/install/test_launch_ros:/home/gurum/ros2_iron/install/rpyutils:/home/gurum/ros2_iron/install/rosidl_runtime_py:/home/gurum/ros2_iron/install/rosidl_pycommon:/home/gurum/ros2_iron/install/rosidl_cli:/home/gurum/ros2_iron/install/launch_pytest:/home/gurum/ros2_iron/install/launch_testing:/home/gurum/ros2_iron/install/launch_yaml:/home/gurum/ros2_iron/install/launch_xml:/home/gurum/ros2_iron/install/launch:/home/gurum/ros2_iron/install/osrf_pycommon:/home/gurum/ros2_iron/install/domain_coordinator:/home/gurum/ros2_iron/install/ament_xmllint:/home/gurum/ros2_iron/install/ament_pyflakes:/home/gurum/ros2_iron/install/ament_pycodestyle:/home/gurum/ros2_iron/install/ament_pep257:/home/gurum/ros2_iron/install/ament_pclint:/home/gurum/ros2_iron/install/ament_package:/home/gurum/ros2_iron/install/ament_mypy:/home/gurum/ros2_iron/install/ament_lint_cmake:/home/gurum/ros2_iron/install/ament_flake8:/home/gurum/ros2_iron/install/ament_copyright:/home/gurum/ros2_iron/install/ament_lint:/home/gurum/ros2_iron/install/ament_index_python:/home/gurum/ros2_iron/install/ament_cpplint:/home/gurum/ros2_iron/install/ament_cppcheck:/home/gurum/ros2_iron/install/ament_clang_tidy:/home/gurum/ros2_iron/install/ament_clang_format _=/usr/bin/env /usr/bin/cmake --install /home/gurum/ros2_iron/src/ros2/rmw_gurumdds/build/gurumdds_cmake_module
[0.746s] Level 1:colcon.colcon_core.environment:create_environment_scripts_only(gurumdds_cmake_module)
[0.748s] DEBUG:colcon.colcon_core.event_handler.log_command:Invoked command in '/home/gurum/ros2_iron/src/ros2/rmw_gurumdds/build/gurumdds_cmake_module' returned '0': CMAKE_PREFIX_PATH=${CMAKE_PREFIX_PATH}:/home/gurum/ros2_iron/install/rqt_bag_plugins:/home/gurum/ros2_iron/install/rqt_bag:/home/gurum/ros2_iron/install/rosbag2_examples_py:/home/gurum/ros2_iron/install/launch_testing_examples:/home/gurum/ros2_iron/install/ros2bag:/home/gurum/ros2_iron/install/tracetools_test:/home/gurum/ros2_iron/install/tracetools_launch:/home/gurum/ros2_iron/install/topic_monitor:/home/gurum/ros2_iron/install/tf2_tools:/home/gurum/ros2_iron/install/examples_tf2_py:/home/gurum/ros2_iron/install/tf2_ros_py:/home/gurum/ros2_iron/install/examples_rclpy_pointcloud_publisher:/home/gurum/ros2_iron/install/sensor_msgs_py:/home/gurum/ros2_iron/install/quality_of_service_demo_py:/home/gurum/ros2_iron/install/rqt_plot:/home/gurum/ros2_iron/install/ros2doctor:/home/gurum/ros2_iron/install/lifecycle_py:/home/gurum/ros2_iron/install/examples_rclpy_minimal_subscriber:/home/gurum/ros2_iron/install/examples_rclpy_minimal_service:/home/gurum/ros2_iron/install/examples_rclpy_minimal_publisher:/home/gurum/ros2_iron/install/examples_rclpy_minimal_client:/home/gurum/ros2_iron/install/examples_rclpy_executors:/home/gurum/ros2_iron/install/demo_nodes_py:/home/gurum/ros2_iron/install/rqt:/home/gurum/ros2_iron/install/ros2component:/home/gurum/ros2_iron/install/sros2:/home/gurum/ros2_iron/install/rqt_topic:/home/gurum/ros2_iron/install/rqt_srv:/home/gurum/ros2_iron/install/rqt_shell:/home/gurum/ros2_iron/install/rqt_service_caller:/home/gurum/ros2_iron/install/rqt_reconfigure:/home/gurum/ros2_iron/install/rqt_py_console:/home/gurum/ros2_iron/install/rqt_publisher:/home/gurum/ros2_iron/install/rqt_action:/home/gurum/ros2_iron/install/rqt_msg:/home/gurum/ros2_iron/install/rqt_console:/home/gurum/ros2_iron/install/rqt_graph:/home/gurum/ros2_iron/install/rqt_gui_py:/home/gurum/ros2_iron/install/rqt_gui:/home/gurum/ros2_iron/install/ros2trace:/home/gurum/ros2_iron/install/ros2topic:/home/gurum/ros2_iron/install/ros2test:/home/gurum/ros2_iron/install/ros2param:/home/gurum/ros2_iron/install/ros2lifecycle:/home/gurum/ros2_iron/install/ros2service:/home/gurum/ros2_iron/install/ros2run:/home/gurum/ros2_iron/install/ros2launch:/home/gurum/ros2_iron/install/ros2pkg:/home/gurum/ros2_iron/install/ros2node:/home/gurum/ros2_iron/install/ros2multicast:/home/gurum/ros2_iron/install/ros2interface:/home/gurum/ros2_iron/install/ros2action:/home/gurum/ros2_iron/install/ros2cli:/home/gurum/ros2_iron/install/launch_testing_ros:/home/gurum/ros2_iron/install/launch_ros:/home/gurum/ros2_iron/install/examples_rclpy_minimal_action_server:/home/gurum/ros2_iron/install/examples_rclpy_minimal_action_client:/home/gurum/ros2_iron/install/examples_rclpy_guard_conditions:/home/gurum/ros2_iron/install/action_tutorials_py:/home/gurum/ros2_iron/install/ament_uncrustify:/home/gurum/ros2_iron/install/tracetools_trace:/home/gurum/ros2_iron/install/tracetools_read:/home/gurum/ros2_iron/install/test_tracetools_launch:/home/gurum/ros2_iron/install/test_ros2trace:/home/gurum/ros2_iron/install/test_launch_ros:/home/gurum/ros2_iron/install/rpyutils:/home/gurum/ros2_iron/install/rosidl_runtime_py:/home/gurum/ros2_iron/install/rosidl_pycommon:/home/gurum/ros2_iron/install/rosidl_cli:/home/gurum/ros2_iron/install/launch_pytest:/home/gurum/ros2_iron/install/launch_testing:/home/gurum/ros2_iron/install/launch_yaml:/home/gurum/ros2_iron/install/launch_xml:/home/gurum/ros2_iron/install/launch:/home/gurum/ros2_iron/install/osrf_pycommon:/home/gurum/ros2_iron/install/domain_coordinator:/home/gurum/ros2_iron/install/ament_xmllint:/home/gurum/ros2_iron/install/ament_pyflakes:/home/gurum/ros2_iron/install/ament_pycodestyle:/home/gurum/ros2_iron/install/ament_pep257:/home/gurum/ros2_iron/install/ament_pclint:/home/gurum/ros2_iron/install/ament_package:/home/gurum/ros2_iron/install/ament_mypy:/home/gurum/ros2_iron/install/ament_lint_cmake:/home/gurum/ros2_iron/install/ament_flake8:/home/gurum/ros2_iron/install/ament_copyright:/home/gurum/ros2_iron/install/ament_lint:/home/gurum/ros2_iron/install/ament_index_python:/home/gurum/ros2_iron/install/ament_cpplint:/home/gurum/ros2_iron/install/ament_cppcheck:/home/gurum/ros2_iron/install/ament_clang_tidy:/home/gurum/ros2_iron/install/ament_clang_format _=/usr/bin/env /usr/bin/cmake --install /home/gurum/ros2_iron/src/ros2/rmw_gurumdds/build/gurumdds_cmake_module
[0.757s] Level 1:colcon.colcon_core.environment:checking '/home/gurum/ros2_iron/src/ros2/rmw_gurumdds/install/gurumdds_cmake_module' for CMake module files
[0.757s] Level 1:colcon.colcon_core.environment:checking '/home/gurum/ros2_iron/src/ros2/rmw_gurumdds/install/gurumdds_cmake_module' for CMake config files
[0.757s] Level 1:colcon.colcon_core.shell:create_environment_hook('gurumdds_cmake_module', 'cmake_prefix_path')
[0.761s] INFO:colcon.colcon_core.shell:Creating environment hook '/home/gurum/ros2_iron/src/ros2/rmw_gurumdds/install/gurumdds_cmake_module/share/gurumdds_cmake_module/hook/cmake_prefix_path.ps1'
[0.761s] INFO:colcon.colcon_core.shell:Creating environment descriptor '/home/gurum/ros2_iron/src/ros2/rmw_gurumdds/install/gurumdds_cmake_module/share/gurumdds_cmake_module/hook/cmake_prefix_path.dsv'
[0.761s] INFO:colcon.colcon_core.shell:Creating environment hook '/home/gurum/ros2_iron/src/ros2/rmw_gurumdds/install/gurumdds_cmake_module/share/gurumdds_cmake_module/hook/cmake_prefix_path.sh'
[0.762s] Level 1:colcon.colcon_core.environment:checking '/home/gurum/ros2_iron/src/ros2/rmw_gurumdds/install/gurumdds_cmake_module/bin'
[0.762s] Level 1:colcon.colcon_core.environment:checking '/home/gurum/ros2_iron/src/ros2/rmw_gurumdds/install/gurumdds_cmake_module/lib/pkgconfig/gurumdds_cmake_module.pc'
[0.764s] Level 1:colcon.colcon_core.environment:checking '/home/gurum/ros2_iron/src/ros2/rmw_gurumdds/install/gurumdds_cmake_module/lib/python3.10/site-packages'
[0.764s] Level 1:colcon.colcon_core.environment:checking '/home/gurum/ros2_iron/src/ros2/rmw_gurumdds/install/gurumdds_cmake_module/bin'
[0.768s] INFO:colcon.colcon_core.shell:Creating package script '/home/gurum/ros2_iron/src/ros2/rmw_gurumdds/install/gurumdds_cmake_module/share/gurumdds_cmake_module/package.ps1'
[0.769s] INFO:colcon.colcon_core.shell:Creating package descriptor '/home/gurum/ros2_iron/src/ros2/rmw_gurumdds/install/gurumdds_cmake_module/share/gurumdds_cmake_module/package.dsv'
[0.769s] INFO:colcon.colcon_core.shell:Creating package script '/home/gurum/ros2_iron/src/ros2/rmw_gurumdds/install/gurumdds_cmake_module/share/gurumdds_cmake_module/package.sh'
[0.770s] INFO:colcon.colcon_core.shell:Creating package script '/home/gurum/ros2_iron/src/ros2/rmw_gurumdds/install/gurumdds_cmake_module/share/gurumdds_cmake_module/package.bash'
[0.771s] INFO:colcon.colcon_core.shell:Creating package script '/home/gurum/ros2_iron/src/ros2/rmw_gurumdds/install/gurumdds_cmake_module/share/gurumdds_cmake_module/package.zsh'
[0.771s] Level 1:colcon.colcon_core.environment:create_file_with_runtime_dependencies(/home/gurum/ros2_iron/src/ros2/rmw_gurumdds/install/gurumdds_cmake_module/share/colcon-core/packages/gurumdds_cmake_module)
[0.816s] Level 1:colcon.colcon_core.environment:create_environment_scripts_only(gurumdds_cmake_module)
[0.822s] Level 1:colcon.colcon_core.environment:checking '/home/gurum/ros2_iron/src/ros2/rmw_gurumdds/install/gurumdds_cmake_module' for CMake module files
[0.822s] Level 1:colcon.colcon_core.environment:checking '/home/gurum/ros2_iron/src/ros2/rmw_gurumdds/install/gurumdds_cmake_module' for CMake config files
[0.822s] Level 1:colcon.colcon_core.shell:create_environment_hook('gurumdds_cmake_module', 'cmake_prefix_path')
[0.826s] INFO:colcon.colcon_core.shell:Creating environment hook '/home/gurum/ros2_iron/src/ros2/rmw_gurumdds/install/gurumdds_cmake_module/share/gurumdds_cmake_module/hook/cmake_prefix_path.ps1'
[0.826s] INFO:colcon.colcon_core.shell:Creating environment descriptor '/home/gurum/ros2_iron/src/ros2/rmw_gurumdds/install/gurumdds_cmake_module/share/gurumdds_cmake_module/hook/cmake_prefix_path.dsv'
[0.826s] INFO:colcon.colcon_core.shell:Creating environment hook '/home/gurum/ros2_iron/src/ros2/rmw_gurumdds/install/gurumdds_cmake_module/share/gurumdds_cmake_module/hook/cmake_prefix_path.sh'
[0.827s] Level 1:colcon.colcon_core.environment:checking '/home/gurum/ros2_iron/src/ros2/rmw_gurumdds/install/gurumdds_cmake_module/bin'
[0.827s] Level 1:colcon.colcon_core.environment:checking '/home/gurum/ros2_iron/src/ros2/rmw_gurumdds/install/gurumdds_cmake_module/lib/pkgconfig/gurumdds_cmake_module.pc'
[0.827s] Level 1:colcon.colcon_core.environment:checking '/home/gurum/ros2_iron/src/ros2/rmw_gurumdds/install/gurumdds_cmake_module/lib/python3.10/site-packages'
[0.827s] Level 1:colcon.colcon_core.environment:checking '/home/gurum/ros2_iron/src/ros2/rmw_gurumdds/install/gurumdds_cmake_module/bin'
[0.831s] INFO:colcon.colcon_core.shell:Creating package script '/home/gurum/ros2_iron/src/ros2/rmw_gurumdds/install/gurumdds_cmake_module/share/gurumdds_cmake_module/package.ps1'
[0.831s] INFO:colcon.colcon_core.shell:Creating package descriptor '/home/gurum/ros2_iron/src/ros2/rmw_gurumdds/install/gurumdds_cmake_module/share/gurumdds_cmake_module/package.dsv'
[0.832s] INFO:colcon.colcon_core.shell:Creating package script '/home/gurum/ros2_iron/src/ros2/rmw_gurumdds/install/gurumdds_cmake_module/share/gurumdds_cmake_module/package.sh'
[0.832s] INFO:colcon.colcon_core.shell:Creating package script '/home/gurum/ros2_iron/src/ros2/rmw_gurumdds/install/gurumdds_cmake_module/share/gurumdds_cmake_module/package.bash'
[0.832s] INFO:colcon.colcon_core.shell:Creating package script '/home/gurum/ros2_iron/src/ros2/rmw_gurumdds/install/gurumdds_cmake_module/share/gurumdds_cmake_module/package.zsh'
[0.833s] Level 1:colcon.colcon_core.environment:create_file_with_runtime_dependencies(/home/gurum/ros2_iron/src/ros2/rmw_gurumdds/install/gurumdds_cmake_module/share/colcon-core/packages/gurumdds_cmake_module)
[0.833s] INFO:colcon.colcon_ros.task.ament_cmake.build:Building ROS package in '/home/gurum/ros2_iron/src/ros2/rmw_gurumdds/rmw_gurumdds_cpp' with build type 'ament_cmake'
[0.833s] INFO:colcon.colcon_cmake.task.cmake.build:Building CMake package in '/home/gurum/ros2_iron/src/ros2/rmw_gurumdds/rmw_gurumdds_cpp'
[0.837s] INFO:colcon.colcon_core.shell:Skip shell extension 'powershell' for command environment: Not usable outside of PowerShell
[0.837s] DEBUG:colcon.colcon_core.shell:Skip shell extension 'dsv' for command environment
[0.882s] DEBUG:colcon.colcon_core.event_handler.log_command:Invoking command in '/home/gurum/ros2_iron/src/ros2/rmw_gurumdds/build/rmw_gurumdds_cpp': AMENT_PREFIX_PATH=/home/gurum/ros2_iron/src/ros2/rmw_gurumdds/install/gurumdds_cmake_module:${AMENT_PREFIX_PATH} CMAKE_PREFIX_PATH=/home/gurum/ros2_iron/src/ros2/rmw_gurumdds/install/gurumdds_cmake_module:/home/gurum/ros2_iron/install/rosbag2:/home/gurum/ros2_iron/install/rosbag2_storage_default_plugins:/home/gurum/ros2_iron/install/rosbag2_storage_mcap:/home/gurum/ros2_iron/install/rosbag2_compression_zstd:/home/gurum/ros2_iron/install/mcap_vendor:/home/gurum/ros2_iron/install/zstd_vendor:/home/gurum/ros2_iron/install/rviz_visual_testing_framework:/home/gurum/ros2_iron/install/rviz2:/home/gurum/ros2_iron/install/rviz_default_plugins:/home/gurum/ros2_iron/install/rviz_common:/home/gurum/ros2_iron/install/rosbag2_py:/home/gurum/ros2_iron/install/rosbag2_transport:/home/gurum/ros2_iron/install/rosbag2_storage_sqlite3:/home/gurum/ros2_iron/install/rosbag2_examples_cpp:/home/gurum/ros2_iron/install/rosbag2_compression:/home/gurum/ros2_iron/install/rosbag2_cpp:/home/gurum/ros2_iron/install/rosbag2_storage:/home/gurum/ros2_iron/install/image_common:/home/gurum/ros2_iron/install/camera_info_manager:/home/gurum/ros2_iron/install/camera_calibration_parsers:/home/gurum/ros2_iron/install/yaml_cpp_vendor:/home/gurum/ros2_iron/install/interactive_markers:/home/gurum/ros2_iron/install/common_interfaces:/home/gurum/ros2_iron/install/visualization_msgs:/home/gurum/ros2_iron/install/dummy_robot_bringup:/home/gurum/ros2_iron/install/robot_state_publisher:/home/gurum/ros2_iron/install/kdl_parser:/home/gurum/ros2_iron/install/urdf:/home/gurum/ros2_iron/install/urdfdom:/home/gurum/ros2_iron/install/urdf_parser_plugin:/home/gurum/ros2_iron/install/urdfdom_headers:/home/gurum/ros2_iron/install/turtlesim:/home/gurum/ros2_iron/install/trajectory_msgs:/home/gurum/ros2_iron/install/topic_statistics_demo:/home/gurum/ros2_iron/install/pendulum_control:/home/gurum/ros2_iron/install/tlsf_cpp:/home/gurum/ros2_iron/install/geometry2:/home/gurum/ros2_iron/install/tf2_sensor_msgs:/home/gurum/ros2_iron/install/test_tf2:/home/gurum/ros2_iron/install/tf2_kdl:/home/gurum/ros2_iron/install/tf2_geometry_msgs:/home/gurum/ros2_iron/install/tf2_eigen:/home/gurum/ros2_iron/install/tf2_bullet:/home/gurum/ros2_iron/install/tf2_ros:/home/gurum/ros2_iron/install/tf2_py:/home/gurum/ros2_iron/install/tf2_msgs:/home/gurum/ros2_iron/install/tf2_eigen_kdl:/home/gurum/ros2_iron/install/laser_geometry:/home/gurum/ros2_iron/install/tf2:/home/gurum/ros2_iron/install/test_tracetools:/home/gurum/ros2_iron/install/test_msgs:/home/gurum/ros2_iron/install/test_communication:/home/gurum/ros2_iron/install/stereo_msgs:/home/gurum/ros2_iron/install/std_srvs:/home/gurum/ros2_iron/install/shape_msgs:/home/gurum/ros2_iron/install/quality_of_service_demo_cpp:/home/gurum/ros2_iron/install/map_msgs:/home/gurum/ros2_iron/install/intra_process_demo:/home/gurum/ros2_iron/install/image_transport:/home/gurum/ros2_iron/install/image_tools:/home/gurum/ros2_iron/install/dummy_sensors:/home/gurum/ros2_iron/install/sensor_msgs:/home/gurum/ros2_iron/install/ros2cli_common_extensions:/home/gurum/ros2_iron/install/dummy_map_server:/home/gurum/ros2_iron/install/nav_msgs:/home/gurum/ros2_iron/install/logging_demo:/home/gurum/ros2_iron/install/lifecycle:/home/gurum/ros2_iron/install/diagnostic_msgs:/home/gurum/ros2_iron/install/geometry_msgs:/home/gurum/ros2_iron/install/examples_rclcpp_wait_set:/home/gurum/ros2_iron/install/examples_rclcpp_multithreaded_executor:/home/gurum/ros2_iron/install/examples_rclcpp_minimal_subscriber:/home/gurum/ros2_iron/install/examples_rclcpp_minimal_publisher:/home/gurum/ros2_iron/install/examples_rclcpp_minimal_composition:/home/gurum/ros2_iron/install/examples_rclcpp_cbg_executor:/home/gurum/ros2_iron/install/demo_nodes_cpp_native:/home/gurum/ros2_iron/install/demo_nodes_cpp:/home/gurum/ros2_iron/install/composition:/home/gurum/ros2_iron/install/actionlib_msgs:/home/gurum/ros2_iron/install/std_msgs:/home/gurum/ros2_iron/install/rqt_gui_cpp:/home/gurum/ros2_iron/install/rosbag2_test_common:/home/gurum/ros2_iron/install/ros2lifecycle_test_fixtures:/home/gurum/ros2_iron/install/rclcpp_lifecycle:/home/gurum/ros2_iron/install/action_tutorials_cpp:/home/gurum/ros2_iron/install/rclcpp_components:/home/gurum/ros2_iron/install/examples_rclcpp_minimal_action_server:/home/gurum/ros2_iron/install/examples_rclcpp_minimal_action_client:/home/gurum/ros2_iron/install/rclcpp_action:/home/gurum/ros2_iron/install/message_filters:/home/gurum/ros2_iron/install/examples_rclcpp_minimal_timer:/home/gurum/ros2_iron/install/examples_rclcpp_minimal_service:/home/gurum/ros2_iron/install/examples_rclcpp_minimal_client:/home/gurum/ros2_iron/install/examples_rclcpp_async_client:/home/gurum/ros2_iron/install/rclcpp:/home/gurum/ros2_iron/install/libstatistics_collector:/home/gurum/ros2_iron/install/statistics_msgs:/home/gurum/ros2_iron/install/sros2_cmake:/home/gurum/ros2_iron/install/rqt_py_common:/home/gurum/ros2_iron/install/ros_testing:/home/gurum/ros2_iron/install/rclpy:/home/gurum/ros2_iron/install/rosgraph_msgs:/home/gurum/ros2_iron/install/rosbag2_interfaces:/home/gurum/ros2_iron/install/ros2cli_test_interfaces:/home/gurum/ros2_iron/install/rcl_lifecycle:/home/gurum/ros2_iron/install/rcl_action:/home/gurum/ros2_iron/install/rcl:/home/gurum/ros2_iron/install/rmw_implementation:/home/gurum/ros2_iron/install/rmw_gurumdds_cpp:/home/gurum/ros2_iron/install/rmw_fastrtps_dynamic_cpp:/home/gurum/ros2_iron/install/rmw_fastrtps_cpp:/home/gurum/ros2_iron/install/rmw_fastrtps_shared_cpp:/home/gurum/ros2_iron/install/rmw_cyclonedds_cpp:/home/gurum/ros2_iron/install/rmw_connextddsmicro:/home/gurum/ros2_iron/install/rmw_connextdds:/home/gurum/ros2_iron/install/rmw_connextdds_common:/home/gurum/ros2_iron/install/rmw_dds_common:/home/gurum/ros2_iron/install/composition_interfaces:/home/gurum/ros2_iron/install/rcl_interfaces:/home/gurum/ros2_iron/install/pendulum_msgs:/home/gurum/ros2_iron/install/lifecycle_msgs:/home/gurum/ros2_iron/install/example_interfaces:/home/gurum/ros2_iron/install/action_tutorials_interfaces:/home/gurum/ros2_iron/install/rosidl_default_runtime:/home/gurum/ros2_iron/install/rosidl_default_generators:/home/gurum/ros2_iron/install/action_msgs:/home/gurum/ros2_iron/install/unique_identifier_msgs:/home/gurum/ros2_iron/install/ament_lint_common:/home/gurum/ros2_iron/install/ament_cmake_uncrustify:/home/gurum/ros2_iron/install/uncrustify_vendor:/home/gurum/ros2_iron/install/type_description_interfaces:/home/gurum/ros2_iron/install/tracetools:/home/gurum/ros2_iron/install/tlsf:/home/gurum/ros2_iron/install/tinyxml_vendor:/home/gurum/ros2_iron/install/qt_gui_core:/home/gurum/ros2_iron/install/qt_gui_cpp:/home/gurum/ros2_iron/install/pluginlib:/home/gurum/ros2_iron/install/tinyxml2_vendor:/home/gurum/ros2_iron/install/test_security:/home/gurum/ros2_iron/install/test_rmw_implementation:/home/gurum/ros2_iron/install/test_rclcpp:/home/gurum/ros2_iron/install/test_quality_of_service:/home/gurum/ros2_iron/install/test_launch_testing:/home/gurum/ros2_iron/install/test_interface_files:/home/gurum/ros2_iron/install/test_cli_remapping:/home/gurum/ros2_iron/install/test_cli:/home/gurum/ros2_iron/install/qt_gui_app:/home/gurum/ros2_iron/install/qt_gui:/home/gurum/ros2_iron/install/tango_icons_vendor:/home/gurum/ros2_iron/install/sqlite3_vendor:/home/gurum/ros2_iron/install/rcl_logging_spdlog:/home/gurum/ros2_iron/install/spdlog_vendor:/home/gurum/ros2_iron/install/shared_queues_vendor:/home/gurum/ros2_iron/install/service_msgs:/home/gurum/ros2_iron/install/rviz_rendering_tests:/home/gurum/ros2_iron/install/rviz_rendering:/home/gurum/ros2_iron/install/rviz_ogre_vendor:/home/gurum/ros2_iron/install/rviz_assimp_vendor:/home/gurum/ros2_iron/install/rttest:/home/gurum/ros2_iron/install/rti_connext_dds_cmake_module:/home/gurum/ros2_iron/install/builtin_interfaces:/home/gurum/ros2_iron/install/rosidl_core_runtime:/home/gurum/ros2_iron/install/rosidl_core_generators:/home/gurum/ros2_iron/install/rosidl_generator_py:/home/gurum/ros2_iron/install/rosidl_typesupport_tests:/home/gurum/ros2_iron/install/rosidl_typesupport_introspection_tests:/home/gurum/ros2_iron/install/rosidl_typesupport_cpp:/home/gurum/ros2_iron/install/rosidl_typesupport_introspection_cpp:/home/gurum/ros2_iron/install/rosidl_typesupport_c:/home/gurum/ros2_iron/install/rosidl_typesupport_introspection_c:/home/gurum/ros2_iron/install/rosidl_typesupport_fastrtps_c:/home/gurum/ros2_iron/install/rosidl_typesupport_fastrtps_cpp:/home/gurum/ros2_iron/install/rosidl_generator_cpp:/home/gurum/ros2_iron/install/rosidl_runtime_cpp:/home/gurum/ros2_iron/install/rosidl_dynamic_typesupport_fastrtps:/home/gurum/ros2_iron/install/rcl_yaml_param_parser:/home/gurum/ros2_iron/install/rmw:/home/gurum/ros2_iron/install/rosidl_dynamic_typesupport:/home/gurum/ros2_iron/install/rosidl_runtime_c:/home/gurum/ros2_iron/install/rosidl_generator_c:/home/gurum/ros2_iron/install/rosidl_typesupport_interface:/home/gurum/ros2_iron/install/rosidl_generator_dds_idl:/home/gurum/ros2_iron/install/rosidl_cmake:/home/gurum/ros2_iron/install/rosidl_generator_type_description:/home/gurum/ros2_iron/install/rosidl_parser:/home/gurum/ros2_iron/install/rosidl_generator_tests:/home/gurum/ros2_iron/install/rosidl_adapter:/home/gurum/ros2_iron/install/rosbag2_tests:/home/gurum/ros2_iron/install/rosbag2_test_msgdefs:/home/gurum/ros2_iron/install/ros_environment:/home/gurum/ros2_iron/install/rmw_implementation_cmake:/home/gurum/ros2_iron/install/resource_retriever:/home/gurum/ros2_iron/install/class_loader:/home/gurum/ros2_iron/install/rcpputils:/home/gurum/ros2_iron/install/rcl_logging_noop:/home/gurum/ros2_iron/install/rcl_logging_interface:/home/gurum/ros2_iron/install/rcutils:/home/gurum/ros2_iron/install/qt_gui_py_common:/home/gurum/ros2_iron/install/qt_dotgraph:/home/gurum/ros2_iron/install/python_qt_binding:/home/gurum/ros2_iron/install/python_orocos_kdl_vendor:/home/gurum/ros2_iron/install/launch_testing_ament_cmake:/home/gurum/ros2_iron/install/python_cmake_module:/home/gurum/ros2_iron/install/pybind11_vendor:/home/gurum/ros2_iron/install/performance_test_fixture:/home/gurum/ros2_iron/install/osrf_testing_tools_cpp:/home/gurum/ros2_iron/install/orocos_kdl_vendor:/home/gurum/ros2_iron/install/mimick_vendor:/home/gurum/ros2_iron/install/libyaml_vendor:/home/gurum/ros2_iron/install/libcurl_vendor:/home/gurum/ros2_iron/install/keyboard_handler:/home/gurum/ros2_iron/install/cyclonedds:/home/gurum/ros2_iron/install/iceoryx_posh:/home/gurum/ros2_iron/install/iceoryx_hoofs:/home/gurum/ros2_iron/install/iceoryx_binding_c:/home/gurum/ros2_iron/install/gurumdds_cmake_module:/home/gurum/ros2_iron/install/ament_cmake_ros:/home/gurum/ros2_iron/install/ament_cmake_gmock:/home/gurum/ros2_iron/install/gmock_vendor:/home/gurum/ros2_iron/install/ament_cmake_auto:/home/gurum/ros2_iron/install/ament_cmake_gtest:/home/gurum/ros2_iron/install/gtest_vendor:/home/gurum/ros2_iron/install/ament_cmake_google_benchmark:/home/gurum/ros2_iron/install/google_benchmark_vendor:/home/gurum/ros2_iron/install/fastrtps:/home/gurum/ros2_iron/install/foonathan_memory_vendor:/home/gurum/ros2_iron/install/fastrtps_cmake_module:/home/gurum/ros2_iron/install/fastcdr:/home/gurum/ros2_iron/install/eigen3_cmake_module:/home/gurum/ros2_iron/install/console_bridge_vendor:/home/gurum/ros2_iron/install/ament_cmake_xmllint:/home/gurum/ros2_iron/install/ament_cmake_pyflakes:/home/gurum/ros2_iron/install/ament_cmake_pycodestyle:/home/gurum/ros2_iron/install/ament_cmake_pep257:/home/gurum/ros2_iron/install/ament_cmake_pclint:/home/gurum/ros2_iron/install/ament_lint_auto:/home/gurum/ros2_iron/install/ament_cmake:/home/gurum/ros2_iron/install/ament_cmake_version:/home/gurum/ros2_iron/install/ament_cmake_vendor_package:/home/gurum/ros2_iron/install/ament_cmake_pytest:/home/gurum/ros2_iron/install/ament_cmake_mypy:/home/gurum/ros2_iron/install/ament_cmake_lint_cmake:/home/gurum/ros2_iron/install/ament_cmake_flake8:/home/gurum/ros2_iron/install/ament_cmake_cpplint:/home/gurum/ros2_iron/install/ament_cmake_cppcheck:/home/gurum/ros2_iron/install/ament_cmake_copyright:/home/gurum/ros2_iron/install/ament_cmake_clang_tidy:/home/gurum/ros2_iron/install/ament_cmake_clang_format:/home/gurum/ros2_iron/install/ament_cmake_test:/home/gurum/ros2_iron/install/ament_cmake_target_dependencies:/home/gurum/ros2_iron/install/ament_cmake_python:/home/gurum/ros2_iron/install/ament_cmake_export_dependencies:/home/gurum/ros2_iron/install/ament_cmake_libraries:/home/gurum/ros2_iron/install/ament_cmake_include_directories:/home/gurum/ros2_iron/install/ament_cmake_gen_version_h:/home/gurum/ros2_iron/install/ament_cmake_export_targets:/home/gurum/ros2_iron/install/ament_cmake_export_link_flags:/home/gurum/ros2_iron/install/ament_cmake_export_interfaces:/home/gurum/ros2_iron/install/ament_cmake_export_libraries:/home/gurum/ros2_iron/install/ament_cmake_export_include_directories:/home/gurum/ros2_iron/install/ament_cmake_export_definitions:/home/gurum/ros2_iron/install/ament_cmake_core:/home/gurum/ros2_iron/install/ament_index_cpp:/home/gurum/ros2_iron/install/rqt_bag_plugins:/home/gurum/ros2_iron/install/rqt_bag:/home/gurum/ros2_iron/install/rosbag2_examples_py:/home/gurum/ros2_iron/install/launch_testing_examples:/home/gurum/ros2_iron/install/ros2bag:/home/gurum/ros2_iron/install/tracetools_test:/home/gurum/ros2_iron/install/tracetools_launch:/home/gurum/ros2_iron/install/topic_monitor:/home/gurum/ros2_iron/install/tf2_tools:/home/gurum/ros2_iron/install/examples_tf2_py:/home/gurum/ros2_iron/install/tf2_ros_py:/home/gurum/ros2_iron/install/examples_rclpy_pointcloud_publisher:/home/gurum/ros2_iron/install/sensor_msgs_py:/home/gurum/ros2_iron/install/quality_of_service_demo_py:/home/gurum/ros2_iron/install/rqt_plot:/home/gurum/ros2_iron/install/ros2doctor:/home/gurum/ros2_iron/install/lifecycle_py:/home/gurum/ros2_iron/install/examples_rclpy_minimal_subscriber:/home/gurum/ros2_iron/install/examples_rclpy_minimal_service:/home/gurum/ros2_iron/install/examples_rclpy_minimal_publisher:/home/gurum/ros2_iron/install/examples_rclpy_minimal_client:/home/gurum/ros2_iron/install/examples_rclpy_executors:/home/gurum/ros2_iron/install/demo_nodes_py:/home/gurum/ros2_iron/install/rqt:/home/gurum/ros2_iron/install/ros2component:/home/gurum/ros2_iron/install/sros2:/home/gurum/ros2_iron/install/rqt_topic:/home/gurum/ros2_iron/install/rqt_srv:/home/gurum/ros2_iron/install/rqt_shell:/home/gurum/ros2_iron/install/rqt_service_caller:/home/gurum/ros2_iron/install/rqt_reconfigure:/home/gurum/ros2_iron/install/rqt_py_console:/home/gurum/ros2_iron/install/rqt_publisher:/home/gurum/ros2_iron/install/rqt_action:/home/gurum/ros2_iron/install/rqt_msg:/home/gurum/ros2_iron/install/rqt_console:/home/gurum/ros2_iron/install/rqt_graph:/home/gurum/ros2_iron/install/rqt_gui_py:/home/gurum/ros2_iron/install/rqt_gui:/home/gurum/ros2_iron/install/ros2trace:/home/gurum/ros2_iron/install/ros2topic:/home/gurum/ros2_iron/install/ros2test:/home/gurum/ros2_iron/install/ros2param:/home/gurum/ros2_iron/install/ros2lifecycle:/home/gurum/ros2_iron/install/ros2service:/home/gurum/ros2_iron/install/ros2run:/home/gurum/ros2_iron/install/ros2launch:/home/gurum/ros2_iron/install/ros2pkg:/home/gurum/ros2_iron/install/ros2node:/home/gurum/ros2_iron/install/ros2multicast:/home/gurum/ros2_iron/install/ros2interface:/home/gurum/ros2_iron/install/ros2action:/home/gurum/ros2_iron/install/ros2cli:/home/gurum/ros2_iron/install/launch_testing_ros:/home/gurum/ros2_iron/install/launch_ros:/home/gurum/ros2_iron/install/examples_rclpy_minimal_action_server:/home/gurum/ros2_iron/install/examples_rclpy_minimal_action_client:/home/gurum/ros2_iron/install/examples_rclpy_guard_conditions:/home/gurum/ros2_iron/install/action_tutorials_py:/home/gurum/ros2_iron/install/ament_uncrustify:/home/gurum/ros2_iron/install/tracetools_trace:/home/gurum/ros2_iron/install/tracetools_read:/home/gurum/ros2_iron/install/test_tracetools_launch:/home/gurum/ros2_iron/install/test_ros2trace:/home/gurum/ros2_iron/install/test_launch_ros:/home/gurum/ros2_iron/install/rpyutils:/home/gurum/ros2_iron/install/rosidl_runtime_py:/home/gurum/ros2_iron/install/rosidl_pycommon:/home/gurum/ros2_iron/install/rosidl_cli:/home/gurum/ros2_iron/install/launch_pytest:/home/gurum/ros2_iron/install/launch_testing:/home/gurum/ros2_iron/install/launch_yaml:/home/gurum/ros2_iron/install/launch_xml:/home/gurum/ros2_iron/install/launch:/home/gurum/ros2_iron/install/osrf_pycommon:/home/gurum/ros2_iron/install/domain_coordinator:/home/gurum/ros2_iron/install/ament_xmllint:/home/gurum/ros2_iron/install/ament_pyflakes:/home/gurum/ros2_iron/install/ament_pycodestyle:/home/gurum/ros2_iron/install/ament_pep257:/home/gurum/ros2_iron/install/ament_pclint:/home/gurum/ros2_iron/install/ament_package:/home/gurum/ros2_iron/install/ament_mypy:/home/gurum/ros2_iron/install/ament_lint_cmake:/home/gurum/ros2_iron/install/ament_flake8:/home/gurum/ros2_iron/install/ament_copyright:/home/gurum/ros2_iron/install/ament_lint:/home/gurum/ros2_iron/install/ament_index_python:/home/gurum/ros2_iron/install/ament_cpplint:/home/gurum/ros2_iron/install/ament_cppcheck:/home/gurum/ros2_iron/install/ament_clang_tidy:/home/gurum/ros2_iron/install/ament_clang_format _=/usr/bin/env /usr/bin/cmake --build /home/gurum/ros2_iron/src/ros2/rmw_gurumdds/build/rmw_gurumdds_cpp -- -j16 -l16
[1.667s] DEBUG:colcon.colcon_core.event_handler.log_command:Invoked command in '/home/gurum/ros2_iron/src/ros2/rmw_gurumdds/build/rmw_gurumdds_cpp' returned '2': AMENT_PREFIX_PATH=/home/gurum/ros2_iron/src/ros2/rmw_gurumdds/install/gurumdds_cmake_module:${AMENT_PREFIX_PATH} CMAKE_PREFIX_PATH=/home/gurum/ros2_iron/src/ros2/rmw_gurumdds/install/gurumdds_cmake_module:/home/gurum/ros2_iron/install/rosbag2:/home/gurum/ros2_iron/install/rosbag2_storage_default_plugins:/home/gurum/ros2_iron/install/rosbag2_storage_mcap:/home/gurum/ros2_iron/install/rosbag2_compression_zstd:/home/gurum/ros2_iron/install/mcap_vendor:/home/gurum/ros2_iron/install/zstd_vendor:/home/gurum/ros2_iron/install/rviz_visual_testing_framework:/home/gurum/ros2_iron/install/rviz2:/home/gurum/ros2_iron/install/rviz_default_plugins:/home/gurum/ros2_iron/install/rviz_common:/home/gurum/ros2_iron/install/rosbag2_py:/home/gurum/ros2_iron/install/rosbag2_transport:/home/gurum/ros2_iron/install/rosbag2_storage_sqlite3:/home/gurum/ros2_iron/install/rosbag2_examples_cpp:/home/gurum/ros2_iron/install/rosbag2_compression:/home/gurum/ros2_iron/install/rosbag2_cpp:/home/gurum/ros2_iron/install/rosbag2_storage:/home/gurum/ros2_iron/install/image_common:/home/gurum/ros2_iron/install/camera_info_manager:/home/gurum/ros2_iron/install/camera_calibration_parsers:/home/gurum/ros2_iron/install/yaml_cpp_vendor:/home/gurum/ros2_iron/install/interactive_markers:/home/gurum/ros2_iron/install/common_interfaces:/home/gurum/ros2_iron/install/visualization_msgs:/home/gurum/ros2_iron/install/dummy_robot_bringup:/home/gurum/ros2_iron/install/robot_state_publisher:/home/gurum/ros2_iron/install/kdl_parser:/home/gurum/ros2_iron/install/urdf:/home/gurum/ros2_iron/install/urdfdom:/home/gurum/ros2_iron/install/urdf_parser_plugin:/home/gurum/ros2_iron/install/urdfdom_headers:/home/gurum/ros2_iron/install/turtlesim:/home/gurum/ros2_iron/install/trajectory_msgs:/home/gurum/ros2_iron/install/topic_statistics_demo:/home/gurum/ros2_iron/install/pendulum_control:/home/gurum/ros2_iron/install/tlsf_cpp:/home/gurum/ros2_iron/install/geometry2:/home/gurum/ros2_iron/install/tf2_sensor_msgs:/home/gurum/ros2_iron/install/test_tf2:/home/gurum/ros2_iron/install/tf2_kdl:/home/gurum/ros2_iron/install/tf2_geometry_msgs:/home/gurum/ros2_iron/install/tf2_eigen:/home/gurum/ros2_iron/install/tf2_bullet:/home/gurum/ros2_iron/install/tf2_ros:/home/gurum/ros2_iron/install/tf2_py:/home/gurum/ros2_iron/install/tf2_msgs:/home/gurum/ros2_iron/install/tf2_eigen_kdl:/home/gurum/ros2_iron/install/laser_geometry:/home/gurum/ros2_iron/install/tf2:/home/gurum/ros2_iron/install/test_tracetools:/home/gurum/ros2_iron/install/test_msgs:/home/gurum/ros2_iron/install/test_communication:/home/gurum/ros2_iron/install/stereo_msgs:/home/gurum/ros2_iron/install/std_srvs:/home/gurum/ros2_iron/install/shape_msgs:/home/gurum/ros2_iron/install/quality_of_service_demo_cpp:/home/gurum/ros2_iron/install/map_msgs:/home/gurum/ros2_iron/install/intra_process_demo:/home/gurum/ros2_iron/install/image_transport:/home/gurum/ros2_iron/install/image_tools:/home/gurum/ros2_iron/install/dummy_sensors:/home/gurum/ros2_iron/install/sensor_msgs:/home/gurum/ros2_iron/install/ros2cli_common_extensions:/home/gurum/ros2_iron/install/dummy_map_server:/home/gurum/ros2_iron/install/nav_msgs:/home/gurum/ros2_iron/install/logging_demo:/home/gurum/ros2_iron/install/lifecycle:/home/gurum/ros2_iron/install/diagnostic_msgs:/home/gurum/ros2_iron/install/geometry_msgs:/home/gurum/ros2_iron/install/examples_rclcpp_wait_set:/home/gurum/ros2_iron/install/examples_rclcpp_multithreaded_executor:/home/gurum/ros2_iron/install/examples_rclcpp_minimal_subscriber:/home/gurum/ros2_iron/install/examples_rclcpp_minimal_publisher:/home/gurum/ros2_iron/install/examples_rclcpp_minimal_composition:/home/gurum/ros2_iron/install/examples_rclcpp_cbg_executor:/home/gurum/ros2_iron/install/demo_nodes_cpp_native:/home/gurum/ros2_iron/install/demo_nodes_cpp:/home/gurum/ros2_iron/install/composition:/home/gurum/ros2_iron/install/actionlib_msgs:/home/gurum/ros2_iron/install/std_msgs:/home/gurum/ros2_iron/install/rqt_gui_cpp:/home/gurum/ros2_iron/install/rosbag2_test_common:/home/gurum/ros2_iron/install/ros2lifecycle_test_fixtures:/home/gurum/ros2_iron/install/rclcpp_lifecycle:/home/gurum/ros2_iron/install/action_tutorials_cpp:/home/gurum/ros2_iron/install/rclcpp_components:/home/gurum/ros2_iron/install/examples_rclcpp_minimal_action_server:/home/gurum/ros2_iron/install/examples_rclcpp_minimal_action_client:/home/gurum/ros2_iron/install/rclcpp_action:/home/gurum/ros2_iron/install/message_filters:/home/gurum/ros2_iron/install/examples_rclcpp_minimal_timer:/home/gurum/ros2_iron/install/examples_rclcpp_minimal_service:/home/gurum/ros2_iron/install/examples_rclcpp_minimal_client:/home/gurum/ros2_iron/install/examples_rclcpp_async_client:/home/gurum/ros2_iron/install/rclcpp:/home/gurum/ros2_iron/install/libstatistics_collector:/home/gurum/ros2_iron/install/statistics_msgs:/home/gurum/ros2_iron/install/sros2_cmake:/home/gurum/ros2_iron/install/rqt_py_common:/home/gurum/ros2_iron/install/ros_testing:/home/gurum/ros2_iron/install/rclpy:/home/gurum/ros2_iron/install/rosgraph_msgs:/home/gurum/ros2_iron/install/rosbag2_interfaces:/home/gurum/ros2_iron/install/ros2cli_test_interfaces:/home/gurum/ros2_iron/install/rcl_lifecycle:/home/gurum/ros2_iron/install/rcl_action:/home/gurum/ros2_iron/install/rcl:/home/gurum/ros2_iron/install/rmw_implementation:/home/gurum/ros2_iron/install/rmw_gurumdds_cpp:/home/gurum/ros2_iron/install/rmw_fastrtps_dynamic_cpp:/home/gurum/ros2_iron/install/rmw_fastrtps_cpp:/home/gurum/ros2_iron/install/rmw_fastrtps_shared_cpp:/home/gurum/ros2_iron/install/rmw_cyclonedds_cpp:/home/gurum/ros2_iron/install/rmw_connextddsmicro:/home/gurum/ros2_iron/install/rmw_connextdds:/home/gurum/ros2_iron/install/rmw_connextdds_common:/home/gurum/ros2_iron/install/rmw_dds_common:/home/gurum/ros2_iron/install/composition_interfaces:/home/gurum/ros2_iron/install/rcl_interfaces:/home/gurum/ros2_iron/install/pendulum_msgs:/home/gurum/ros2_iron/install/lifecycle_msgs:/home/gurum/ros2_iron/install/example_interfaces:/home/gurum/ros2_iron/install/action_tutorials_interfaces:/home/gurum/ros2_iron/install/rosidl_default_runtime:/home/gurum/ros2_iron/install/rosidl_default_generators:/home/gurum/ros2_iron/install/action_msgs:/home/gurum/ros2_iron/install/unique_identifier_msgs:/home/gurum/ros2_iron/install/ament_lint_common:/home/gurum/ros2_iron/install/ament_cmake_uncrustify:/home/gurum/ros2_iron/install/uncrustify_vendor:/home/gurum/ros2_iron/install/type_description_interfaces:/home/gurum/ros2_iron/install/tracetools:/home/gurum/ros2_iron/install/tlsf:/home/gurum/ros2_iron/install/tinyxml_vendor:/home/gurum/ros2_iron/install/qt_gui_core:/home/gurum/ros2_iron/install/qt_gui_cpp:/home/gurum/ros2_iron/install/pluginlib:/home/gurum/ros2_iron/install/tinyxml2_vendor:/home/gurum/ros2_iron/install/test_security:/home/gurum/ros2_iron/install/test_rmw_implementation:/home/gurum/ros2_iron/install/test_rclcpp:/home/gurum/ros2_iron/install/test_quality_of_service:/home/gurum/ros2_iron/install/test_launch_testing:/home/gurum/ros2_iron/install/test_interface_files:/home/gurum/ros2_iron/install/test_cli_remapping:/home/gurum/ros2_iron/install/test_cli:/home/gurum/ros2_iron/install/qt_gui_app:/home/gurum/ros2_iron/install/qt_gui:/home/gurum/ros2_iron/install/tango_icons_vendor:/home/gurum/ros2_iron/install/sqlite3_vendor:/home/gurum/ros2_iron/install/rcl_logging_spdlog:/home/gurum/ros2_iron/install/spdlog_vendor:/home/gurum/ros2_iron/install/shared_queues_vendor:/home/gurum/ros2_iron/install/service_msgs:/home/gurum/ros2_iron/install/rviz_rendering_tests:/home/gurum/ros2_iron/install/rviz_rendering:/home/gurum/ros2_iron/install/rviz_ogre_vendor:/home/gurum/ros2_iron/install/rviz_assimp_vendor:/home/gurum/ros2_iron/install/rttest:/home/gurum/ros2_iron/install/rti_connext_dds_cmake_module:/home/gurum/ros2_iron/install/builtin_interfaces:/home/gurum/ros2_iron/install/rosidl_core_runtime:/home/gurum/ros2_iron/install/rosidl_core_generators:/home/gurum/ros2_iron/install/rosidl_generator_py:/home/gurum/ros2_iron/install/rosidl_typesupport_tests:/home/gurum/ros2_iron/install/rosidl_typesupport_introspection_tests:/home/gurum/ros2_iron/install/rosidl_typesupport_cpp:/home/gurum/ros2_iron/install/rosidl_typesupport_introspection_cpp:/home/gurum/ros2_iron/install/rosidl_typesupport_c:/home/gurum/ros2_iron/install/rosidl_typesupport_introspection_c:/home/gurum/ros2_iron/install/rosidl_typesupport_fastrtps_c:/home/gurum/ros2_iron/install/rosidl_typesupport_fastrtps_cpp:/home/gurum/ros2_iron/install/rosidl_generator_cpp:/home/gurum/ros2_iron/install/rosidl_runtime_cpp:/home/gurum/ros2_iron/install/rosidl_dynamic_typesupport_fastrtps:/home/gurum/ros2_iron/install/rcl_yaml_param_parser:/home/gurum/ros2_iron/install/rmw:/home/gurum/ros2_iron/install/rosidl_dynamic_typesupport:/home/gurum/ros2_iron/install/rosidl_runtime_c:/home/gurum/ros2_iron/install/rosidl_generator_c:/home/gurum/ros2_iron/install/rosidl_typesupport_interface:/home/gurum/ros2_iron/install/rosidl_generator_dds_idl:/home/gurum/ros2_iron/install/rosidl_cmake:/home/gurum/ros2_iron/install/rosidl_generator_type_description:/home/gurum/ros2_iron/install/rosidl_parser:/home/gurum/ros2_iron/install/rosidl_generator_tests:/home/gurum/ros2_iron/install/rosidl_adapter:/home/gurum/ros2_iron/install/rosbag2_tests:/home/gurum/ros2_iron/install/rosbag2_test_msgdefs:/home/gurum/ros2_iron/install/ros_environment:/home/gurum/ros2_iron/install/rmw_implementation_cmake:/home/gurum/ros2_iron/install/resource_retriever:/home/gurum/ros2_iron/install/class_loader:/home/gurum/ros2_iron/install/rcpputils:/home/gurum/ros2_iron/install/rcl_logging_noop:/home/gurum/ros2_iron/install/rcl_logging_interface:/home/gurum/ros2_iron/install/rcutils:/home/gurum/ros2_iron/install/qt_gui_py_common:/home/gurum/ros2_iron/install/qt_dotgraph:/home/gurum/ros2_iron/install/python_qt_binding:/home/gurum/ros2_iron/install/python_orocos_kdl_vendor:/home/gurum/ros2_iron/install/launch_testing_ament_cmake:/home/gurum/ros2_iron/install/python_cmake_module:/home/gurum/ros2_iron/install/pybind11_vendor:/home/gurum/ros2_iron/install/performance_test_fixture:/home/gurum/ros2_iron/install/osrf_testing_tools_cpp:/home/gurum/ros2_iron/install/orocos_kdl_vendor:/home/gurum/ros2_iron/install/mimick_vendor:/home/gurum/ros2_iron/install/libyaml_vendor:/home/gurum/ros2_iron/install/libcurl_vendor:/home/gurum/ros2_iron/install/keyboard_handler:/home/gurum/ros2_iron/install/cyclonedds:/home/gurum/ros2_iron/install/iceoryx_posh:/home/gurum/ros2_iron/install/iceoryx_hoofs:/home/gurum/ros2_iron/install/iceoryx_binding_c:/home/gurum/ros2_iron/install/gurumdds_cmake_module:/home/gurum/ros2_iron/install/ament_cmake_ros:/home/gurum/ros2_iron/install/ament_cmake_gmock:/home/gurum/ros2_iron/install/gmock_vendor:/home/gurum/ros2_iron/install/ament_cmake_auto:/home/gurum/ros2_iron/install/ament_cmake_gtest:/home/gurum/ros2_iron/install/gtest_vendor:/home/gurum/ros2_iron/install/ament_cmake_google_benchmark:/home/gurum/ros2_iron/install/google_benchmark_vendor:/home/gurum/ros2_iron/install/fastrtps:/home/gurum/ros2_iron/install/foonathan_memory_vendor:/home/gurum/ros2_iron/install/fastrtps_cmake_module:/home/gurum/ros2_iron/install/fastcdr:/home/gurum/ros2_iron/install/eigen3_cmake_module:/home/gurum/ros2_iron/install/console_bridge_vendor:/home/gurum/ros2_iron/install/ament_cmake_xmllint:/home/gurum/ros2_iron/install/ament_cmake_pyflakes:/home/gurum/ros2_iron/install/ament_cmake_pycodestyle:/home/gurum/ros2_iron/install/ament_cmake_pep257:/home/gurum/ros2_iron/install/ament_cmake_pclint:/home/gurum/ros2_iron/install/ament_lint_auto:/home/gurum/ros2_iron/install/ament_cmake:/home/gurum/ros2_iron/install/ament_cmake_version:/home/gurum/ros2_iron/install/ament_cmake_vendor_package:/home/gurum/ros2_iron/install/ament_cmake_pytest:/home/gurum/ros2_iron/install/ament_cmake_mypy:/home/gurum/ros2_iron/install/ament_cmake_lint_cmake:/home/gurum/ros2_iron/install/ament_cmake_flake8:/home/gurum/ros2_iron/install/ament_cmake_cpplint:/home/gurum/ros2_iron/install/ament_cmake_cppcheck:/home/gurum/ros2_iron/install/ament_cmake_copyright:/home/gurum/ros2_iron/install/ament_cmake_clang_tidy:/home/gurum/ros2_iron/install/ament_cmake_clang_format:/home/gurum/ros2_iron/install/ament_cmake_test:/home/gurum/ros2_iron/install/ament_cmake_target_dependencies:/home/gurum/ros2_iron/install/ament_cmake_python:/home/gurum/ros2_iron/install/ament_cmake_export_dependencies:/home/gurum/ros2_iron/install/ament_cmake_libraries:/home/gurum/ros2_iron/install/ament_cmake_include_directories:/home/gurum/ros2_iron/install/ament_cmake_gen_version_h:/home/gurum/ros2_iron/install/ament_cmake_export_targets:/home/gurum/ros2_iron/install/ament_cmake_export_link_flags:/home/gurum/ros2_iron/install/ament_cmake_export_interfaces:/home/gurum/ros2_iron/install/ament_cmake_export_libraries:/home/gurum/ros2_iron/install/ament_cmake_export_include_directories:/home/gurum/ros2_iron/install/ament_cmake_export_definitions:/home/gurum/ros2_iron/install/ament_cmake_core:/home/gurum/ros2_iron/install/ament_index_cpp:/home/gurum/ros2_iron/install/rqt_bag_plugins:/home/gurum/ros2_iron/install/rqt_bag:/home/gurum/ros2_iron/install/rosbag2_examples_py:/home/gurum/ros2_iron/install/launch_testing_examples:/home/gurum/ros2_iron/install/ros2bag:/home/gurum/ros2_iron/install/tracetools_test:/home/gurum/ros2_iron/install/tracetools_launch:/home/gurum/ros2_iron/install/topic_monitor:/home/gurum/ros2_iron/install/tf2_tools:/home/gurum/ros2_iron/install/examples_tf2_py:/home/gurum/ros2_iron/install/tf2_ros_py:/home/gurum/ros2_iron/install/examples_rclpy_pointcloud_publisher:/home/gurum/ros2_iron/install/sensor_msgs_py:/home/gurum/ros2_iron/install/quality_of_service_demo_py:/home/gurum/ros2_iron/install/rqt_plot:/home/gurum/ros2_iron/install/ros2doctor:/home/gurum/ros2_iron/install/lifecycle_py:/home/gurum/ros2_iron/install/examples_rclpy_minimal_subscriber:/home/gurum/ros2_iron/install/examples_rclpy_minimal_service:/home/gurum/ros2_iron/install/examples_rclpy_minimal_publisher:/home/gurum/ros2_iron/install/examples_rclpy_minimal_client:/home/gurum/ros2_iron/install/examples_rclpy_executors:/home/gurum/ros2_iron/install/demo_nodes_py:/home/gurum/ros2_iron/install/rqt:/home/gurum/ros2_iron/install/ros2component:/home/gurum/ros2_iron/install/sros2:/home/gurum/ros2_iron/install/rqt_topic:/home/gurum/ros2_iron/install/rqt_srv:/home/gurum/ros2_iron/install/rqt_shell:/home/gurum/ros2_iron/install/rqt_service_caller:/home/gurum/ros2_iron/install/rqt_reconfigure:/home/gurum/ros2_iron/install/rqt_py_console:/home/gurum/ros2_iron/install/rqt_publisher:/home/gurum/ros2_iron/install/rqt_action:/home/gurum/ros2_iron/install/rqt_msg:/home/gurum/ros2_iron/install/rqt_console:/home/gurum/ros2_iron/install/rqt_graph:/home/gurum/ros2_iron/install/rqt_gui_py:/home/gurum/ros2_iron/install/rqt_gui:/home/gurum/ros2_iron/install/ros2trace:/home/gurum/ros2_iron/install/ros2topic:/home/gurum/ros2_iron/install/ros2test:/home/gurum/ros2_iron/install/ros2param:/home/gurum/ros2_iron/install/ros2lifecycle:/home/gurum/ros2_iron/install/ros2service:/home/gurum/ros2_iron/install/ros2run:/home/gurum/ros2_iron/install/ros2launch:/home/gurum/ros2_iron/install/ros2pkg:/home/gurum/ros2_iron/install/ros2node:/home/gurum/ros2_iron/install/ros2multicast:/home/gurum/ros2_iron/install/ros2interface:/home/gurum/ros2_iron/install/ros2action:/home/gurum/ros2_iron/install/ros2cli:/home/gurum/ros2_iron/install/launch_testing_ros:/home/gurum/ros2_iron/install/launch_ros:/home/gurum/ros2_iron/install/examples_rclpy_minimal_action_server:/home/gurum/ros2_iron/install/examples_rclpy_minimal_action_client:/home/gurum/ros2_iron/install/examples_rclpy_guard_conditions:/home/gurum/ros2_iron/install/action_tutorials_py:/home/gurum/ros2_iron/install/ament_uncrustify:/home/gurum/ros2_iron/install/tracetools_trace:/home/gurum/ros2_iron/install/tracetools_read:/home/gurum/ros2_iron/install/test_tracetools_launch:/home/gurum/ros2_iron/install/test_ros2trace:/home/gurum/ros2_iron/install/test_launch_ros:/home/gurum/ros2_iron/install/rpyutils:/home/gurum/ros2_iron/install/rosidl_runtime_py:/home/gurum/ros2_iron/install/rosidl_pycommon:/home/gurum/ros2_iron/install/rosidl_cli:/home/gurum/ros2_iron/install/launch_pytest:/home/gurum/ros2_iron/install/launch_testing:/home/gurum/ros2_iron/install/launch_yaml:/home/gurum/ros2_iron/install/launch_xml:/home/gurum/ros2_iron/install/launch:/home/gurum/ros2_iron/install/osrf_pycommon:/home/gurum/ros2_iron/install/domain_coordinator:/home/gurum/ros2_iron/install/ament_xmllint:/home/gurum/ros2_iron/install/ament_pyflakes:/home/gurum/ros2_iron/install/ament_pycodestyle:/home/gurum/ros2_iron/install/ament_pep257:/home/gurum/ros2_iron/install/ament_pclint:/home/gurum/ros2_iron/install/ament_package:/home/gurum/ros2_iron/install/ament_mypy:/home/gurum/ros2_iron/install/ament_lint_cmake:/home/gurum/ros2_iron/install/ament_flake8:/home/gurum/ros2_iron/install/ament_copyright:/home/gurum/ros2_iron/install/ament_lint:/home/gurum/ros2_iron/install/ament_index_python:/home/gurum/ros2_iron/install/ament_cpplint:/home/gurum/ros2_iron/install/ament_cppcheck:/home/gurum/ros2_iron/install/ament_clang_tidy:/home/gurum/ros2_iron/install/ament_clang_format _=/usr/bin/env /usr/bin/cmake --build /home/gurum/ros2_iron/src/ros2/rmw_gurumdds/build/rmw_gurumdds_cpp -- -j16 -l16
[1.938s] Level 1:colcon.colcon_core.environment:create_environment_scripts_only(rmw_gurumdds_cpp)
[1.944s] Level 1:colcon.colcon_core.environment:checking '/home/gurum/ros2_iron/src/ros2/rmw_gurumdds/install/rmw_gurumdds_cpp' for CMake module files
[1.944s] Level 1:colcon.colcon_core.environment:checking '/home/gurum/ros2_iron/src/ros2/rmw_gurumdds/install/rmw_gurumdds_cpp' for CMake config files
[1.944s] Level 1:colcon.colcon_core.shell:create_environment_hook('rmw_gurumdds_cpp', 'cmake_prefix_path')
[1.948s] INFO:colcon.colcon_core.shell:Creating environment hook '/home/gurum/ros2_iron/src/ros2/rmw_gurumdds/install/rmw_gurumdds_cpp/share/rmw_gurumdds_cpp/hook/cmake_prefix_path.ps1'
[1.948s] INFO:colcon.colcon_core.shell:Creating environment descriptor '/home/gurum/ros2_iron/src/ros2/rmw_gurumdds/install/rmw_gurumdds_cpp/share/rmw_gurumdds_cpp/hook/cmake_prefix_path.dsv'
[1.949s] INFO:colcon.colcon_core.shell:Creating environment hook '/home/gurum/ros2_iron/src/ros2/rmw_gurumdds/install/rmw_gurumdds_cpp/share/rmw_gurumdds_cpp/hook/cmake_prefix_path.sh'
[1.949s] Level 1:colcon.colcon_core.environment:checking '/home/gurum/ros2_iron/src/ros2/rmw_gurumdds/install/rmw_gurumdds_cpp/lib'
[1.949s] Level 1:colcon.colcon_core.shell:create_environment_hook('rmw_gurumdds_cpp', 'ld_library_path_lib')
[1.953s] INFO:colcon.colcon_core.shell:Creating environment hook '/home/gurum/ros2_iron/src/ros2/rmw_gurumdds/install/rmw_gurumdds_cpp/share/rmw_gurumdds_cpp/hook/ld_library_path_lib.ps1'
[1.953s] INFO:colcon.colcon_core.shell:Creating environment descriptor '/home/gurum/ros2_iron/src/ros2/rmw_gurumdds/install/rmw_gurumdds_cpp/share/rmw_gurumdds_cpp/hook/ld_library_path_lib.dsv'
[1.953s] INFO:colcon.colcon_core.shell:Creating environment hook '/home/gurum/ros2_iron/src/ros2/rmw_gurumdds/install/rmw_gurumdds_cpp/share/rmw_gurumdds_cpp/hook/ld_library_path_lib.sh'
[1.953s] Level 1:colcon.colcon_core.environment:checking '/home/gurum/ros2_iron/src/ros2/rmw_gurumdds/install/rmw_gurumdds_cpp/bin'
[1.953s] Level 1:colcon.colcon_core.environment:checking '/home/gurum/ros2_iron/src/ros2/rmw_gurumdds/install/rmw_gurumdds_cpp/lib/pkgconfig/rmw_gurumdds_cpp.pc'
[1.954s] Level 1:colcon.colcon_core.environment:checking '/home/gurum/ros2_iron/src/ros2/rmw_gurumdds/install/rmw_gurumdds_cpp/lib/python3.10/site-packages'
[1.954s] Level 1:colcon.colcon_core.environment:checking '/home/gurum/ros2_iron/src/ros2/rmw_gurumdds/install/rmw_gurumdds_cpp/bin'
[1.957s] INFO:colcon.colcon_core.shell:Creating package script '/home/gurum/ros2_iron/src/ros2/rmw_gurumdds/install/rmw_gurumdds_cpp/share/rmw_gurumdds_cpp/package.ps1'
[1.958s] INFO:colcon.colcon_core.shell:Creating package descriptor '/home/gurum/ros2_iron/src/ros2/rmw_gurumdds/install/rmw_gurumdds_cpp/share/rmw_gurumdds_cpp/package.dsv'
[1.958s] INFO:colcon.colcon_core.shell:Creating package script '/home/gurum/ros2_iron/src/ros2/rmw_gurumdds/install/rmw_gurumdds_cpp/share/rmw_gurumdds_cpp/package.sh'
[1.958s] INFO:colcon.colcon_core.shell:Creating package script '/home/gurum/ros2_iron/src/ros2/rmw_gurumdds/install/rmw_gurumdds_cpp/share/rmw_gurumdds_cpp/package.bash'
[1.959s] INFO:colcon.colcon_core.shell:Creating package script '/home/gurum/ros2_iron/src/ros2/rmw_gurumdds/install/rmw_gurumdds_cpp/share/rmw_gurumdds_cpp/package.zsh'
[1.959s] Level 1:colcon.colcon_core.environment:create_file_with_runtime_dependencies(/home/gurum/ros2_iron/src/ros2/rmw_gurumdds/install/rmw_gurumdds_cpp/share/colcon-core/packages/rmw_gurumdds_cpp)
[1.969s] DEBUG:colcon.colcon_parallel_executor.executor.parallel:closing loop
[1.969s] DEBUG:colcon.colcon_parallel_executor.executor.parallel:loop closed
[1.970s] DEBUG:colcon.colcon_parallel_executor.executor.parallel:run_until_complete finished with '2'
[1.970s] DEBUG:colcon.colcon_core.event_reactor:joining thread
[1.980s] INFO:colcon.colcon_core.plugin_system:Skipping extension 'colcon_notification.desktop_notification.terminal_notifier': Not used on non-Darwin systems
[1.980s] INFO:colcon.colcon_core.plugin_system:Skipping extension 'colcon_notification.desktop_notification.win32': Not used on non-Windows systems
[1.980s] INFO:colcon.colcon_notification.desktop_notification:Sending desktop notification using 'notify2'
[1.988s] DEBUG:colcon.colcon_core.event_reactor:joined thread
[1.992s] INFO:colcon.colcon_core.shell:Creating prefix script '/home/gurum/ros2_iron/src/ros2/rmw_gurumdds/install/local_setup.ps1'
[1.992s] INFO:colcon.colcon_core.shell:Creating prefix util module '/home/gurum/ros2_iron/src/ros2/rmw_gurumdds/install/_local_setup_util_ps1.py'
[1.993s] INFO:colcon.colcon_core.shell:Creating prefix chain script '/home/gurum/ros2_iron/src/ros2/rmw_gurumdds/install/setup.ps1'
[2.003s] INFO:colcon.colcon_core.shell:Creating prefix script '/home/gurum/ros2_iron/src/ros2/rmw_gurumdds/install/local_setup.sh'
[2.003s] INFO:colcon.colcon_core.shell:Creating prefix util module '/home/gurum/ros2_iron/src/ros2/rmw_gurumdds/install/_local_setup_util_sh.py'
[2.004s] INFO:colcon.colcon_core.shell:Creating prefix chain script '/home/gurum/ros2_iron/src/ros2/rmw_gurumdds/install/setup.sh'
[2.013s] INFO:colcon.colcon_core.shell:Creating prefix script '/home/gurum/ros2_iron/src/ros2/rmw_gurumdds/install/local_setup.bash'
[2.014s] INFO:colcon.colcon_core.shell:Creating prefix chain script '/home/gurum/ros2_iron/src/ros2/rmw_gurumdds/install/setup.bash'
[2.024s] INFO:colcon.colcon_core.shell:Creating prefix script '/home/gurum/ros2_iron/src/ros2/rmw_gurumdds/install/local_setup.zsh'
[2.025s] INFO:colcon.colcon_core.shell:Creating prefix chain script '/home/gurum/ros2_iron/src/ros2/rmw_gurumdds/install/setup.zsh'
