[0.008s] Invoking command in '/home/gurum/gurumnet/rmw_gurumdds/build/gurumdds_cmake_module': _=/usr/bin/env /usr/bin/cmake /home/gurum/gurumnet/rmw_gurumdds/gurumdds_cmake_module -DCMAKE_BUILD_TYPE=Debug -DAMENT_CMAKE_SYMLINK_INSTALL=1 -DCMAKE_INSTALL_PREFIX=/home/gurum/gurumnet/rmw_gurumdds/install/gurumdds_cmake_module
[0.043s] -- The C compiler identification is GNU 11.4.0
[0.077s] -- The CXX compiler identification is GNU 11.4.0
[0.082s] -- Detecting C compiler ABI info
[0.119s] -- Detecting C compiler ABI info - done
[0.124s] -- Check for working C compiler: /usr/bin/cc - skipped
[0.124s] -- Detecting C compile features
[0.125s] -- Detecting C compile features - done
[0.127s] -- Detecting CXX compiler ABI info
[0.171s] -- Detecting CXX compiler ABI info - done
[0.177s] -- Check for working CXX compiler: /usr/bin/c++ - skipped
[0.177s] -- Detecting CXX compile features
[0.177s] -- Detecting CXX compile features - done
[0.185s] [31mCMake Error at CMakeLists.txt:8 (find_package):
[0.185s]   By not providing "Findament_cmake.cmake" in CMAKE_MODULE_PATH this project
[0.185s]   has asked CMake to find a package configuration file provided by
[0.185s]   "ament_cmake", but CMake did not find one.
[0.185s] 
[0.185s]   Could not find a package configuration file provided by "ament_cmake" with
[0.185s]   any of the following names:
[0.185s] 
[0.185s]     ament_cmakeConfig.cmake
[0.185s]     ament_cmake-config.cmake
[0.185s] 
[0.185s]   Add the installation prefix of "ament_cmake" to CMAKE_PREFIX_PATH or set
[0.185s]   "ament_cmake_DIR" to a directory containing one of the above files.  If
[0.186s]   "ament_cmake" provides a separate development package or SDK, be sure it
[0.186s]   has been installed.
[0.186s] 
[0.186s] [0m
[0.186s] -- Configuring incomplete, errors occurred!
[0.186s] See also "/home/gurum/gurumnet/rmw_gurumdds/build/gurumdds_cmake_module/CMakeFiles/CMakeOutput.log".
[0.187s] Invoked command in '/home/gurum/gurumnet/rmw_gurumdds/build/gurumdds_cmake_module' returned '1': _=/usr/bin/env /usr/bin/cmake /home/gurum/gurumnet/rmw_gurumdds/gurumdds_cmake_module -DCMAKE_BUILD_TYPE=Debug -DAMENT_CMAKE_SYMLINK_INSTALL=1 -DCMAKE_INSTALL_PREFIX=/home/gurum/gurumnet/rmw_gurumdds/install/gurumdds_cmake_module
