-- Found ament_cmake_ros: 0.11.2 (/home/gurum/ros2_iron/install/ament_cmake_ros/share/ament_cmake_ros/cmake)
-- Override CMake install command with custom implementation using symlinks instead of copying resources
-- Found rcpputils: 2.6.1 (/home/gurum/ros2_iron/install/rcpputils/share/rcpputils/cmake)
-- Found gurumdds_cmake_module: 5.0.0 (/home/gurum/gurumnet/rmw_gurumdds/install/gurumdds_cmake_module/share/gurumdds_cmake_module/cmake)
-- Found GurumDDS:/usr/share/gurumdds/cmake/../../..
-- Found rosidl_typesupport_introspection_c: 4.0.0 (/home/gurum/ros2_iron/install/rosidl_typesupport_introspection_c/share/rosidl_typesupport_introspection_c/cmake)
-- Found rosidl_typesupport_introspection_cpp: 4.0.0 (/home/gurum/ros2_iron/install/rosidl_typesupport_introspection_cpp/share/rosidl_typesupport_introspection_cpp/cmake)
-- Found rmw: 7.1.0 (/home/gurum/ros2_iron/install/rmw/share/rmw/cmake)
-- Found rmw_dds_common: 2.0.1 (/home/gurum/ros2_iron/install/rmw_dds_common/share/rmw_dds_common/cmake)
-- Using all available rosidl_typesupport_c: rosidl_typesupport_introspection_c;rosidl_typesupport_fastrtps_c
-- Using all available rosidl_typesupport_cpp: rosidl_typesupport_introspection_cpp;rosidl_typesupport_fastrtps_cpp
-- Found ament_lint_auto: 0.14.1 (/home/gurum/ros2_iron/install/ament_lint_auto/share/ament_lint_auto/cmake)
-- Added test 'copyright' to check source files copyright and LICENSE
-- Added test 'cppcheck' to perform static code analysis on C / C++ code
-- Configured cppcheck include dirs: /home/gurum/gurumnet/rmw_gurumdds/rmw_gurumdds_cpp/include
-- Configured cppcheck exclude dirs and/or files: 
-- Added test 'cpplint' to check C / C++ code against the Google style
-- Configured cpplint exclude dirs and/or files: 
-- Added test 'lint_cmake' to check CMake code style
-- Added test 'uncrustify' to check C / C++ code style
-- Configured uncrustify additional arguments: 
-- Added test 'xmllint' to check XML markup files
-- Configuring done
-- Generating done
-- Build files have been written to: /home/gurum/gurumnet/rmw_gurumdds/build/rmw_gurumdds_cpp
[35m[1mConsolidate compiler generated dependencies of target rmw_gurumdds_cpp[0m
[  2%] [32mBuilding CXX object CMakeFiles/rmw_gurumdds_cpp.dir/src/demangle.cpp.o[0m
[ 10%] [32mBuilding CXX object CMakeFiles/rmw_gurumdds_cpp.dir/src/rmw_event.cpp.o[0m
[ 10%] [32mBuilding CXX object CMakeFiles/rmw_gurumdds_cpp.dir/src/get_entities.cpp.o[0m
[ 13%] [32mBuilding CXX object CMakeFiles/rmw_gurumdds_cpp.dir/src/rmw_get_topic_endpoint_info.cpp.o[0m
[ 16%] [32mBuilding CXX object CMakeFiles/rmw_gurumdds_cpp.dir/src/rmw_client.cpp.o[0m
[ 16%] [32mBuilding CXX object CMakeFiles/rmw_gurumdds_cpp.dir/src/names_and_types_helpers.cpp.o[0m
[ 18%] [32mBuilding CXX object CMakeFiles/rmw_gurumdds_cpp.dir/src/rmw_count.cpp.o[0m
[ 21%] [32mBuilding CXX object CMakeFiles/rmw_gurumdds_cpp.dir/src/rmw_init.cpp.o[0m
[ 24%] [32mBuilding CXX object CMakeFiles/rmw_gurumdds_cpp.dir/src/rmw_logging.cpp.o[0m
[ 27%] [32mBuilding CXX object CMakeFiles/rmw_gurumdds_cpp.dir/src/rmw_node_info_and_types.cpp.o[0m
[ 32%] [32mBuilding CXX object CMakeFiles/rmw_gurumdds_cpp.dir/src/rmw_publisher.cpp.o[0m
[ 32%] [32mBuilding CXX object CMakeFiles/rmw_gurumdds_cpp.dir/src/rmw_node.cpp.o[0m
[ 35%] [32mBuilding CXX object CMakeFiles/rmw_gurumdds_cpp.dir/src/rmw_service_names_and_types.cpp.o[0m
[ 37%] [32mBuilding CXX object CMakeFiles/rmw_gurumdds_cpp.dir/src/rmw_service.cpp.o[0m
[ 40%] [32mBuilding CXX object CMakeFiles/rmw_gurumdds_cpp.dir/src/rmw_subscription.cpp.o[0m
[ 43%] [32mBuilding CXX object CMakeFiles/rmw_gurumdds_cpp.dir/src/rmw_topic_names_and_types.cpp.o[0m
[ 45%] [32mBuilding CXX object CMakeFiles/rmw_gurumdds_cpp.dir/src/rmw_context_impl.cpp.o[0m
[ 48%] [32mBuilding CXX object CMakeFiles/rmw_gurumdds_cpp.dir/src/context_listener_thread.cpp.o[0m
