In file included from [01m[K/home/gurum/gurumnet/rmw_gurumdds/rmw_gurumdds_cpp/src/graph_cache.cpp:23[m[K:
[01m[K/home/gurum/gurumnet/rmw_gurumdds/rmw_gurumdds_cpp/include/rmw_gurumdds_cpp/qos.hpp:33:9:[m[K [01;31m[Kerror: [m[K‘[01m[Krosidl_type_hash_t[m[K’ does not name a type
   33 |   const [01;31m[Krosidl_type_hash_t[m[K& type_hash,
      |         [01;31m[K^~~~~~~~~~~~~~~~~~[m[K
[01m[K/home/gurum/gurumnet/rmw_gurumdds/rmw_gurumdds_cpp/include/rmw_gurumdds_cpp/qos.hpp:41:9:[m[K [01;31m[Kerror: [m[K‘[01m[Krosidl_type_hash_t[m[K’ does not name a type
   41 |   const [01;31m[Krosidl_type_hash_t[m[K& type_hash,
      |         [01;31m[K^~~~~~~~~~~~~~~~~~[m[K
[01m[K/home/gurum/gurumnet/rmw_gurumdds/rmw_gurumdds_cpp/src/rmw_publisher.cpp:[m[K In function ‘[01m[Krmw_publisher_t* __rmw_create_publisher(rmw_context_impl_t*, const rmw_node_t*, dds_DomainParticipant*, dds_Publisher*, const rosidl_message_type_support_t*, const char*, const rmw_qos_profile_t*, const rmw_publisher_options_t*, bool)[m[K’:
[01m[K/home/gurum/gurumnet/rmw_gurumdds/rmw_gurumdds_cpp/src/rmw_publisher.cpp:141:46:[m[K [01;31m[Kerror: [m[Kinvalid initialization of reference of type ‘[01m[Kconst rosidl_type_hash_t&[m[K’ {aka ‘[01m[Kconst rosidl_type_hash_s&[m[K’} from expression of type ‘[01m[Kdds_DataWriterQos*[m[K’
  141 |   if (!get_datawriter_qos(pub, qos_policies, [01;31m[K&datawriter_qos[m[K)) {
      |                                              [01;31m[K^~~~~~~~~~~~~~~[m[K
In file included from [01m[K/home/gurum/gurumnet/rmw_gurumdds/rmw_gurumdds_cpp/src/rmw_publisher.cpp:37[m[K:
[01m[K/home/gurum/gurumnet/rmw_gurumdds/rmw_gurumdds_cpp/include/rmw_gurumdds_cpp/qos.hpp:33:29:[m[K [01;36m[Knote: [m[Kin passing argument 3 of ‘[01m[Kbool get_datawriter_qos(dds_Publisher*, const rmw_qos_profile_t*, const rosidl_type_hash_t&, dds_DataWriterQos*)[m[K’
   33 |   [01;36m[Kconst rosidl_type_hash_t& type_hash[m[K,
      |   [01;36m[K~~~~~~~~~~~~~~~~~~~~~~~~~~^~~~~~~~~[m[K
[01m[K/home/gurum/gurumnet/rmw_gurumdds/rmw_gurumdds_cpp/src/rmw_service.cpp:[m[K In function ‘[01m[Krmw_service_t* rmw_create_service(const rmw_node_t*, const rosidl_service_type_support_t*, const char*, const rmw_qos_profile_t*)[m[K’:
[01m[K/home/gurum/gurumnet/rmw_gurumdds/rmw_gurumdds_cpp/src/rmw_service.cpp:260:53:[m[K [01;31m[Kerror: [m[Kinvalid initialization of reference of type ‘[01m[Kconst rosidl_type_hash_t&[m[K’ {aka ‘[01m[Kconst rosidl_type_hash_s&[m[K’} from expression of type ‘[01m[Kdds_DataReaderQos*[m[K’
  260 |   if (!get_datareader_qos(subscriber, qos_policies, [01;31m[K&datareader_qos[m[K)) {
      |                                                     [01;31m[K^~~~~~~~~~~~~~~[m[K
In file included from [01m[K/home/gurum/gurumnet/rmw_gurumdds/rmw_gurumdds_cpp/src/rmw_service.cpp:34[m[K:
[01m[K/home/gurum/gurumnet/rmw_gurumdds/rmw_gurumdds_cpp/include/rmw_gurumdds_cpp/qos.hpp:41:29:[m[K [01;36m[Knote: [m[Kin passing argument 3 of ‘[01m[Kbool get_datareader_qos(dds_Subscriber*, const rmw_qos_profile_t*, const rosidl_type_hash_t&, dds_DataReaderQos*)[m[K’
   41 |   [01;36m[Kconst rosidl_type_hash_t& type_hash[m[K,
      |   [01;36m[K~~~~~~~~~~~~~~~~~~~~~~~~~~^~~~~~~~~[m[K
[01m[K/home/gurum/gurumnet/rmw_gurumdds/rmw_gurumdds_cpp/src/rmw_service.cpp:288:52:[m[K [01;31m[Kerror: [m[Kinvalid initialization of reference of type ‘[01m[Kconst rosidl_type_hash_t&[m[K’ {aka ‘[01m[Kconst rosidl_type_hash_s&[m[K’} from expression of type ‘[01m[Kdds_DataWriterQos*[m[K’
  288 |   if (!get_datawriter_qos(publisher, qos_policies, [01;31m[K&datawriter_qos[m[K)) {
      |                                                    [01;31m[K^~~~~~~~~~~~~~~[m[K
In file included from [01m[K/home/gurum/gurumnet/rmw_gurumdds/rmw_gurumdds_cpp/src/rmw_service.cpp:34[m[K:
[01m[K/home/gurum/gurumnet/rmw_gurumdds/rmw_gurumdds_cpp/include/rmw_gurumdds_cpp/qos.hpp:33:29:[m[K [01;36m[Knote: [m[Kin passing argument 3 of ‘[01m[Kbool get_datawriter_qos(dds_Publisher*, const rmw_qos_profile_t*, const rosidl_type_hash_t&, dds_DataWriterQos*)[m[K’
   33 |   [01;36m[Kconst rosidl_type_hash_t& type_hash[m[K,
      |   [01;36m[K~~~~~~~~~~~~~~~~~~~~~~~~~~^~~~~~~~~[m[K
[01m[K/home/gurum/gurumnet/rmw_gurumdds/rmw_gurumdds_cpp/src/rmw_subscription.cpp:[m[K In function ‘[01m[Krmw_subscription_t* __rmw_create_subscription(rmw_context_impl_t*, const rmw_node_t*, dds_DomainParticipant*, dds_Subscriber*, const rosidl_message_type_support_t*, const char*, const rmw_qos_profile_t*, const rmw_subscription_options_t*, bool)[m[K’:
[01m[K/home/gurum/gurumnet/rmw_gurumdds/rmw_gurumdds_cpp/src/rmw_subscription.cpp:142:46:[m[K [01;31m[Kerror: [m[Kinvalid initialization of reference of type ‘[01m[Kconst rosidl_type_hash_t&[m[K’ {aka ‘[01m[Kconst rosidl_type_hash_s&[m[K’} from expression of type ‘[01m[Kdds_DataReaderQos*[m[K’
  142 |   if (!get_datareader_qos(sub, qos_policies, [01;31m[K&datareader_qos[m[K)) {
      |                                              [01;31m[K^~~~~~~~~~~~~~~[m[K
In file included from [01m[K/home/gurum/gurumnet/rmw_gurumdds/rmw_gurumdds_cpp/src/rmw_subscription.cpp:37[m[K:
[01m[K/home/gurum/gurumnet/rmw_gurumdds/rmw_gurumdds_cpp/include/rmw_gurumdds_cpp/qos.hpp:41:29:[m[K [01;36m[Knote: [m[Kin passing argument 3 of ‘[01m[Kbool get_datareader_qos(dds_Subscriber*, const rmw_qos_profile_t*, const rosidl_type_hash_t&, dds_DataReaderQos*)[m[K’
   41 |   [01;36m[Kconst rosidl_type_hash_t& type_hash[m[K,
      |   [01;36m[K~~~~~~~~~~~~~~~~~~~~~~~~~~^~~~~~~~~[m[K
gmake[2]: *** [CMakeFiles/rmw_gurumdds_cpp.dir/build.make:524: CMakeFiles/rmw_gurumdds_cpp.dir/src/graph_cache.cpp.o] Error 1
gmake[2]: *** Waiting for unfinished jobs....
gmake[2]: *** [CMakeFiles/rmw_gurumdds_cpp.dir/build.make:384: CMakeFiles/rmw_gurumdds_cpp.dir/src/rmw_publisher.cpp.o] Error 1
gmake[2]: *** [CMakeFiles/rmw_gurumdds_cpp.dir/build.make:440: CMakeFiles/rmw_gurumdds_cpp.dir/src/rmw_service.cpp.o] Error 1
gmake[2]: *** [CMakeFiles/rmw_gurumdds_cpp.dir/build.make:454: CMakeFiles/rmw_gurumdds_cpp.dir/src/rmw_subscription.cpp.o] Error 1
[01m[K/home/gurum/gurumnet/rmw_gurumdds/rmw_gurumdds_cpp/src/rmw_client.cpp:[m[K In function ‘[01m[Krmw_client_t* rmw_create_client(const rmw_node_t*, const rosidl_service_type_support_t*, const char*, const rmw_qos_profile_t*)[m[K’:
[01m[K/home/gurum/gurumnet/rmw_gurumdds/rmw_gurumdds_cpp/src/rmw_client.cpp:265:52:[m[K [01;31m[Kerror: [m[Kinvalid initialization of reference of type ‘[01m[Kconst rosidl_type_hash_t&[m[K’ {aka ‘[01m[Kconst rosidl_type_hash_s&[m[K’} from expression of type ‘[01m[Kdds_DataWriterQos*[m[K’
  265 |   if (!get_datawriter_qos(publisher, qos_policies, [01;31m[K&datawriter_qos[m[K)) {
      |                                                    [01;31m[K^~~~~~~~~~~~~~~[m[K
In file included from [01m[K/home/gurum/gurumnet/rmw_gurumdds/rmw_gurumdds_cpp/src/rmw_client.cpp:37[m[K:
[01m[K/home/gurum/gurumnet/rmw_gurumdds/rmw_gurumdds_cpp/include/rmw_gurumdds_cpp/qos.hpp:33:29:[m[K [01;36m[Knote: [m[Kin passing argument 3 of ‘[01m[Kbool get_datawriter_qos(dds_Publisher*, const rmw_qos_profile_t*, const rosidl_type_hash_t&, dds_DataWriterQos*)[m[K’
   33 |   [01;36m[Kconst rosidl_type_hash_t& type_hash[m[K,
      |   [01;36m[K~~~~~~~~~~~~~~~~~~~~~~~~~~^~~~~~~~~[m[K
[01m[K/home/gurum/gurumnet/rmw_gurumdds/rmw_gurumdds_cpp/src/rmw_client.cpp:285:53:[m[K [01;31m[Kerror: [m[Kinvalid initialization of reference of type ‘[01m[Kconst rosidl_type_hash_t&[m[K’ {aka ‘[01m[Kconst rosidl_type_hash_s&[m[K’} from expression of type ‘[01m[Kdds_DataReaderQos*[m[K’
  285 |   if (!get_datareader_qos(subscriber, qos_policies, [01;31m[K&datareader_qos[m[K)) {
      |                                                     [01;31m[K^~~~~~~~~~~~~~~[m[K
In file included from [01m[K/home/gurum/gurumnet/rmw_gurumdds/rmw_gurumdds_cpp/src/rmw_client.cpp:37[m[K:
[01m[K/home/gurum/gurumnet/rmw_gurumdds/rmw_gurumdds_cpp/include/rmw_gurumdds_cpp/qos.hpp:41:29:[m[K [01;36m[Knote: [m[Kin passing argument 3 of ‘[01m[Kbool get_datareader_qos(dds_Subscriber*, const rmw_qos_profile_t*, const rosidl_type_hash_t&, dds_DataReaderQos*)[m[K’
   41 |   [01;36m[Kconst rosidl_type_hash_t& type_hash[m[K,
      |   [01;36m[K~~~~~~~~~~~~~~~~~~~~~~~~~~^~~~~~~~~[m[K
gmake[2]: *** [CMakeFiles/rmw_gurumdds_cpp.dir/build.make:188: CMakeFiles/rmw_gurumdds_cpp.dir/src/rmw_client.cpp.o] Error 1
gmake[1]: *** [CMakeFiles/Makefile2:137: CMakeFiles/rmw_gurumdds_cpp.dir/all] Error 2
gmake: *** [Makefile:146: all] Error 2
